<?xml version="1.0" encoding="UTF-8" standalone="yes"?><!DOCTYPE report PUBLIC "-//JACOCO//DTD Report 1.1//EN" "report.dtd"><report name="Dependency-Check Ant Task"><sessioninfo id="localhost-5ba8bf6e" start="1585245985641" dump="1585246017757"/><package name="org/owasp/dependencycheck/taskdefs"><class name="org/owasp/dependencycheck/taskdefs/Check" sourcefilename="Check.java"><method name="add" desc="(Lorg/apache/tools/ant/types/ResourceCollection;)V" line="362"><counter type="INSTRUCTION" missed="5" covered="8"/><counter type="BRANCH" missed="1" covered="1"/><counter type="LINE" missed="1" covered="3"/><counter type="COMPLEXITY" missed="1" covered="1"/><counter type="METHOD" missed="0" covered="1"/></method><method name="addConfiguredSuppressionFile" desc="(Lorg/owasp/dependencycheck/taskdefs/SuppressionFile;)V" line="376"><counter type="INSTRUCTION" missed="0" covered="7"/><counter type="LINE" missed="0" covered="2"/><counter type="COMPLEXITY" missed="0" covered="1"/><counter type="METHOD" missed="0" covered="1"/></method><method name="getPath" desc="()Lorg/apache/tools/ant/types/resources/Resources;" line="386"><counter type="INSTRUCTION" missed="0" covered="17"/><counter type="BRANCH" missed="0" covered="2"/><counter type="LINE" missed="0" covered="4"/><counter type="COMPLEXITY" missed="0" covered="2"/><counter type="METHOD" missed="0" covered="1"/></method><method name="isReference" desc="()Z" line="399"><counter type="INSTRUCTION" missed="2" covered="5"/><counter type="BRANCH" missed="1" covered="1"/><counter type="LINE" missed="0" covered="1"/><counter type="COMPLEXITY" missed="1" covered="1"/><counter type="METHOD" missed="0" covered="1"/></method><method name="setRefId" desc="(Lorg/apache/tools/ant/types/Reference;)V" line="409"><counter type="INSTRUCTION" missed="12" covered="0"/><counter type="BRANCH" missed="2" covered="0"/><counter type="LINE" missed="4" covered="0"/><counter type="COMPLEXITY" missed="2" covered="0"/><counter type="METHOD" missed="1" covered="0"/></method><method name="dealWithReferences" desc="()V" line="426"><counter type="INSTRUCTION" missed="30" covered="4"/><counter type="BRANCH" missed="3" covered="1"/><counter type="LINE" missed="4" covered="2"/><counter type="COMPLEXITY" missed="2" covered="1"/><counter type="METHOD" missed="0" covered="1"/></method><method name="&lt;init&gt;" desc="()V" line="90"><counter type="INSTRUCTION" missed="0" covered="48"/><counter type="LINE" missed="0" covered="15"/><counter type="COMPLEXITY" missed="0" covered="1"/><counter type="METHOD" missed="0" covered="1"/></method><method name="getProjectName" desc="()Ljava/lang/String;" line="453"><counter type="INSTRUCTION" missed="3" covered="6"/><counter type="BRANCH" missed="1" covered="1"/><counter type="LINE" missed="1" covered="2"/><counter type="COMPLEXITY" missed="1" covered="1"/><counter type="METHOD" missed="0" covered="1"/></method><method name="setProjectName" desc="(Ljava/lang/String;)V" line="465"><counter type="INSTRUCTION" missed="0" covered="4"/><counter type="LINE" missed="0" covered="2"/><counter type="COMPLEXITY" missed="0" covered="1"/><counter type="METHOD" missed="0" covered="1"/></method><method name="getReportOutputDirectory" desc="()Ljava/lang/String;" line="474"><counter type="INSTRUCTION" missed="3" covered="0"/><counter type="LINE" missed="1" covered="0"/><counter type="COMPLEXITY" missed="1" covered="0"/><counter type="METHOD" missed="1" covered="0"/></method><method name="setReportOutputDirectory" desc="(Ljava/lang/String;)V" line="483"><counter type="INSTRUCTION" missed="0" covered="4"/><counter type="LINE" missed="0" covered="2"/><counter type="COMPLEXITY" missed="0" covered="1"/><counter type="METHOD" missed="0" covered="1"/></method><method name="getFailBuildOnCVSS" desc="()F" line="492"><counter type="INSTRUCTION" missed="3" covered="0"/><counter type="LINE" missed="1" covered="0"/><counter type="COMPLEXITY" missed="1" covered="0"/><counter type="METHOD" missed="1" covered="0"/></method><method name="setFailBuildOnCVSS" desc="(F)V" line="501"><counter type="INSTRUCTION" missed="0" covered="4"/><counter type="LINE" missed="0" covered="2"/><counter type="COMPLEXITY" missed="0" covered="1"/><counter type="METHOD" missed="0" covered="1"/></method><method name="getJunitFailOnCVSS" desc="()F" line="510"><counter type="INSTRUCTION" missed="3" covered="0"/><counter type="LINE" missed="1" covered="0"/><counter type="COMPLEXITY" missed="1" covered="0"/><counter type="METHOD" missed="1" covered="0"/></method><method name="setJunitFailOnCVSS" desc="(F)V" line="519"><counter type="INSTRUCTION" missed="4" covered="0"/><counter type="LINE" missed="2" covered="0"/><counter type="COMPLEXITY" missed="1" covered="0"/><counter type="METHOD" missed="1" covered="0"/></method><method name="isAutoUpdate" desc="()Ljava/lang/Boolean;" line="528"><counter type="INSTRUCTION" missed="3" covered="0"/><counter type="LINE" missed="1" covered="0"/><counter type="COMPLEXITY" missed="1" covered="0"/><counter type="METHOD" missed="1" covered="0"/></method><method name="setAutoUpdate" desc="(Ljava/lang/Boolean;)V" line="537"><counter type="INSTRUCTION" missed="0" covered="4"/><counter type="LINE" missed="0" covered="2"/><counter type="COMPLEXITY" missed="0" covered="1"/><counter type="METHOD" missed="0" covered="1"/></method><method name="isPrettyPrint" desc="()Ljava/lang/Boolean;" line="546"><counter type="INSTRUCTION" missed="3" covered="0"/><counter type="LINE" missed="1" covered="0"/><counter type="COMPLEXITY" missed="1" covered="0"/><counter type="METHOD" missed="1" covered="0"/></method><method name="setPrettyPrint" desc="(Z)V" line="555"><counter type="INSTRUCTION" missed="5" covered="0"/><counter type="LINE" missed="2" covered="0"/><counter type="COMPLEXITY" missed="1" covered="0"/><counter type="METHOD" missed="1" covered="0"/></method><method name="setReportFormat" desc="(Lorg/owasp/dependencycheck/taskdefs/Check$ReportFormats;)V" line="564"><counter type="INSTRUCTION" missed="0" covered="11"/><counter type="LINE" missed="0" covered="3"/><counter type="COMPLEXITY" missed="0" covered="1"/><counter type="METHOD" missed="0" covered="1"/></method><method name="getReportFormats" desc="()Ljava/util/List;" line="574"><counter type="INSTRUCTION" missed="0" covered="13"/><counter type="BRANCH" missed="0" covered="2"/><counter type="LINE" missed="0" covered="3"/><counter type="COMPLEXITY" missed="0" covered="2"/><counter type="METHOD" missed="0" covered="1"/></method><method name="getSuppressionFiles" desc="()Ljava/util/List;" line="586"><counter type="INSTRUCTION" missed="3" covered="0"/><counter type="LINE" missed="1" covered="0"/><counter type="COMPLEXITY" missed="1" covered="0"/><counter type="METHOD" missed="1" covered="0"/></method><method name="setSuppressionFile" desc="(Ljava/lang/String;)V" line="595"><counter type="INSTRUCTION" missed="0" covered="6"/><counter type="LINE" missed="0" covered="2"/><counter type="COMPLEXITY" missed="0" covered="1"/><counter type="METHOD" missed="0" covered="1"/></method><method name="getHintsFile" desc="()Ljava/lang/String;" line="604"><counter type="INSTRUCTION" missed="3" covered="0"/><counter type="LINE" missed="1" covered="0"/><counter type="COMPLEXITY" missed="1" covered="0"/><counter type="METHOD" missed="1" covered="0"/></method><method name="setHintsFile" desc="(Ljava/lang/String;)V" line="613"><counter type="INSTRUCTION" missed="4" covered="0"/><counter type="LINE" missed="2" covered="0"/><counter type="COMPLEXITY" missed="1" covered="0"/><counter type="METHOD" missed="1" covered="0"/></method><method name="isShowSummary" desc="()Z" line="622"><counter type="INSTRUCTION" missed="3" covered="0"/><counter type="LINE" missed="1" covered="0"/><counter type="COMPLEXITY" missed="1" covered="0"/><counter type="METHOD" missed="1" covered="0"/></method><method name="setShowSummary" desc="(Z)V" line="631"><counter type="INSTRUCTION" missed="4" covered="0"/><counter type="LINE" missed="2" covered="0"/><counter type="COMPLEXITY" missed="1" covered="0"/><counter type="METHOD" missed="1" covered="0"/></method><method name="isEnableExperimental" desc="()Ljava/lang/Boolean;" line="640"><counter type="INSTRUCTION" missed="3" covered="0"/><counter type="LINE" missed="1" covered="0"/><counter type="COMPLEXITY" missed="1" covered="0"/><counter type="METHOD" missed="1" covered="0"/></method><method name="setEnableExperimental" desc="(Ljava/lang/Boolean;)V" line="649"><counter type="INSTRUCTION" missed="4" covered="0"/><counter type="LINE" missed="2" covered="0"/><counter type="COMPLEXITY" missed="1" covered="0"/><counter type="METHOD" missed="1" covered="0"/></method><method name="isEnableRetired" desc="()Ljava/lang/Boolean;" line="658"><counter type="INSTRUCTION" missed="3" covered="0"/><counter type="LINE" missed="1" covered="0"/><counter type="COMPLEXITY" missed="1" covered="0"/><counter type="METHOD" missed="1" covered="0"/></method><method name="setEnableRetired" desc="(Ljava/lang/Boolean;)V" line="667"><counter type="INSTRUCTION" missed="4" covered="0"/><counter type="LINE" missed="2" covered="0"/><counter type="COMPLEXITY" missed="1" covered="0"/><counter type="METHOD" missed="1" covered="0"/></method><method name="isJarAnalyzerEnabled" desc="()Ljava/lang/Boolean;" line="676"><counter type="INSTRUCTION" missed="3" covered="0"/><counter type="LINE" missed="1" covered="0"/><counter type="COMPLEXITY" missed="1" covered="0"/><counter type="METHOD" missed="1" covered="0"/></method><method name="setJarAnalyzerEnabled" desc="(Ljava/lang/Boolean;)V" line="685"><counter type="INSTRUCTION" missed="4" covered="0"/><counter type="LINE" missed="2" covered="0"/><counter type="COMPLEXITY" missed="1" covered="0"/><counter type="METHOD" missed="1" covered="0"/></method><method name="isArchiveAnalyzerEnabled" desc="()Ljava/lang/Boolean;" line="694"><counter type="INSTRUCTION" missed="3" covered="0"/><counter type="LINE" missed="1" covered="0"/><counter type="COMPLEXITY" missed="1" covered="0"/><counter type="METHOD" missed="1" covered="0"/></method><method name="setArchiveAnalyzerEnabled" desc="(Ljava/lang/Boolean;)V" line="703"><counter type="INSTRUCTION" missed="4" covered="0"/><counter type="LINE" missed="2" covered="0"/><counter type="COMPLEXITY" missed="1" covered="0"/><counter type="METHOD" missed="1" covered="0"/></method><method name="isAssemblyAnalyzerEnabled" desc="()Ljava/lang/Boolean;" line="712"><counter type="INSTRUCTION" missed="3" covered="0"/><counter type="LINE" missed="1" covered="0"/><counter type="COMPLEXITY" missed="1" covered="0"/><counter type="METHOD" missed="1" covered="0"/></method><method name="setAssemblyAnalyzerEnabled" desc="(Ljava/lang/Boolean;)V" line="721"><counter type="INSTRUCTION" missed="4" covered="0"/><counter type="LINE" missed="2" covered="0"/><counter type="COMPLEXITY" missed="1" covered="0"/><counter type="METHOD" missed="1" covered="0"/></method><method name="isNuspecAnalyzerEnabled" desc="()Ljava/lang/Boolean;" line="730"><counter type="INSTRUCTION" missed="3" covered="0"/><counter type="LINE" missed="1" covered="0"/><counter type="COMPLEXITY" missed="1" covered="0"/><counter type="METHOD" missed="1" covered="0"/></method><method name="isNugetconfAnalyzerEnabled" desc="()Ljava/lang/Boolean;" line="739"><counter type="INSTRUCTION" missed="3" covered="0"/><counter type="LINE" missed="1" covered="0"/><counter type="COMPLEXITY" missed="1" covered="0"/><counter type="METHOD" missed="1" covered="0"/></method><method name="setNuspecAnalyzerEnabled" desc="(Ljava/lang/Boolean;)V" line="748"><counter type="INSTRUCTION" missed="4" covered="0"/><counter type="LINE" missed="2" covered="0"/><counter type="COMPLEXITY" missed="1" covered="0"/><counter type="METHOD" missed="1" covered="0"/></method><method name="setNugetconfAnalyzerEnabled" desc="(Ljava/lang/Boolean;)V" line="757"><counter type="INSTRUCTION" missed="4" covered="0"/><counter type="LINE" missed="2" covered="0"/><counter type="COMPLEXITY" missed="1" covered="0"/><counter type="METHOD" missed="1" covered="0"/></method><method name="isComposerAnalyzerEnabled" desc="()Ljava/lang/Boolean;" line="766"><counter type="INSTRUCTION" missed="3" covered="0"/><counter type="LINE" missed="1" covered="0"/><counter type="COMPLEXITY" missed="1" covered="0"/><counter type="METHOD" missed="1" covered="0"/></method><method name="setComposerAnalyzerEnabled" desc="(Ljava/lang/Boolean;)V" line="775"><counter type="INSTRUCTION" missed="4" covered="0"/><counter type="LINE" missed="2" covered="0"/><counter type="COMPLEXITY" missed="1" covered="0"/><counter type="METHOD" missed="1" covered="0"/></method><method name="isAutoconfAnalyzerEnabled" desc="()Ljava/lang/Boolean;" line="784"><counter type="INSTRUCTION" missed="3" covered="0"/><counter type="LINE" missed="1" covered="0"/><counter type="COMPLEXITY" missed="1" covered="0"/><counter type="METHOD" missed="1" covered="0"/></method><method name="setAutoconfAnalyzerEnabled" desc="(Ljava/lang/Boolean;)V" line="793"><counter type="INSTRUCTION" missed="4" covered="0"/><counter type="LINE" missed="2" covered="0"/><counter type="COMPLEXITY" missed="1" covered="0"/><counter type="METHOD" missed="1" covered="0"/></method><method name="isPipAnalyzerEnabled" desc="()Ljava/lang/Boolean;" line="802"><counter type="INSTRUCTION" missed="3" covered="0"/><counter type="LINE" missed="1" covered="0"/><counter type="COMPLEXITY" missed="1" covered="0"/><counter type="METHOD" missed="1" covered="0"/></method><method name="setPipAnalyzerEnabled" desc="(Ljava/lang/Boolean;)V" line="811"><counter type="INSTRUCTION" missed="4" covered="0"/><counter type="LINE" missed="2" covered="0"/><counter type="COMPLEXITY" missed="1" covered="0"/><counter type="METHOD" missed="1" covered="0"/></method><method name="isBundleAuditAnalyzerEnabled" desc="()Ljava/lang/Boolean;" line="820"><counter type="INSTRUCTION" missed="3" covered="0"/><counter type="LINE" missed="1" covered="0"/><counter type="COMPLEXITY" missed="1" covered="0"/><counter type="METHOD" missed="1" covered="0"/></method><method name="setBundleAuditAnalyzerEnabled" desc="(Ljava/lang/Boolean;)V" line="830"><counter type="INSTRUCTION" missed="4" covered="0"/><counter type="LINE" missed="2" covered="0"/><counter type="COMPLEXITY" missed="1" covered="0"/><counter type="METHOD" missed="1" covered="0"/></method><method name="getBundleAuditPath" desc="()Ljava/lang/String;" line="839"><counter type="INSTRUCTION" missed="3" covered="0"/><counter type="LINE" missed="1" covered="0"/><counter type="COMPLEXITY" missed="1" covered="0"/><counter type="METHOD" missed="1" covered="0"/></method><method name="setBundleAuditPath" desc="(Ljava/lang/String;)V" line="848"><counter type="INSTRUCTION" missed="4" covered="0"/><counter type="LINE" missed="2" covered="0"/><counter type="COMPLEXITY" missed="1" covered="0"/><counter type="METHOD" missed="1" covered="0"/></method><method name="setBundleAuditWorkingDirectory" desc="(Ljava/lang/String;)V" line="859"><counter type="INSTRUCTION" missed="4" covered="0"/><counter type="LINE" missed="2" covered="0"/><counter type="COMPLEXITY" missed="1" covered="0"/><counter type="METHOD" missed="1" covered="0"/></method><method name="getBundleAuditWorkingDirectory" desc="()Ljava/lang/String;" line="870"><counter type="INSTRUCTION" missed="3" covered="0"/><counter type="LINE" missed="1" covered="0"/><counter type="COMPLEXITY" missed="1" covered="0"/><counter type="METHOD" missed="1" covered="0"/></method><method name="isCocoapodsAnalyzerEnabled" desc="()Z" line="879"><counter type="INSTRUCTION" missed="4" covered="0"/><counter type="LINE" missed="1" covered="0"/><counter type="COMPLEXITY" missed="1" covered="0"/><counter type="METHOD" missed="1" covered="0"/></method><method name="setCocoapodsAnalyzerEnabled" desc="(Ljava/lang/Boolean;)V" line="888"><counter type="INSTRUCTION" missed="4" covered="0"/><counter type="LINE" missed="2" covered="0"/><counter type="COMPLEXITY" missed="1" covered="0"/><counter type="METHOD" missed="1" covered="0"/></method><method name="isSwiftPackageManagerAnalyzerEnabled" desc="()Ljava/lang/Boolean;" line="897"><counter type="INSTRUCTION" missed="3" covered="0"/><counter type="LINE" missed="1" covered="0"/><counter type="COMPLEXITY" missed="1" covered="0"/><counter type="METHOD" missed="1" covered="0"/></method><method name="setSwiftPackageManagerAnalyzerEnabled" desc="(Ljava/lang/Boolean;)V" line="907"><counter type="INSTRUCTION" missed="4" covered="0"/><counter type="LINE" missed="2" covered="0"/><counter type="COMPLEXITY" missed="1" covered="0"/><counter type="METHOD" missed="1" covered="0"/></method><method name="isOpensslAnalyzerEnabled" desc="()Ljava/lang/Boolean;" line="916"><counter type="INSTRUCTION" missed="3" covered="0"/><counter type="LINE" missed="1" covered="0"/><counter type="COMPLEXITY" missed="1" covered="0"/><counter type="METHOD" missed="1" covered="0"/></method><method name="setOpensslAnalyzerEnabled" desc="(Ljava/lang/Boolean;)V" line="925"><counter type="INSTRUCTION" missed="4" covered="0"/><counter type="LINE" missed="2" covered="0"/><counter type="COMPLEXITY" missed="1" covered="0"/><counter type="METHOD" missed="1" covered="0"/></method><method name="isNodeAnalyzerEnabled" desc="()Ljava/lang/Boolean;" line="934"><counter type="INSTRUCTION" missed="3" covered="0"/><counter type="LINE" missed="1" covered="0"/><counter type="COMPLEXITY" missed="1" covered="0"/><counter type="METHOD" missed="1" covered="0"/></method><method name="setNodeAnalyzerEnabled" desc="(Ljava/lang/Boolean;)V" line="943"><counter type="INSTRUCTION" missed="4" covered="0"/><counter type="LINE" missed="2" covered="0"/><counter type="COMPLEXITY" missed="1" covered="0"/><counter type="METHOD" missed="1" covered="0"/></method><method name="isNodeAuditAnalyzerEnabled" desc="()Ljava/lang/Boolean;" line="952"><counter type="INSTRUCTION" missed="3" covered="0"/><counter type="LINE" missed="1" covered="0"/><counter type="COMPLEXITY" missed="1" covered="0"/><counter type="METHOD" missed="1" covered="0"/></method><method name="setNodeAuditAnalyzerEnabled" desc="(Ljava/lang/Boolean;)V" line="961"><counter type="INSTRUCTION" missed="4" covered="0"/><counter type="LINE" missed="2" covered="0"/><counter type="COMPLEXITY" missed="1" covered="0"/><counter type="METHOD" missed="1" covered="0"/></method><method name="isNodeAuditAnalyzerUseCache" desc="()Ljava/lang/Boolean;" line="970"><counter type="INSTRUCTION" missed="3" covered="0"/><counter type="LINE" missed="1" covered="0"/><counter type="COMPLEXITY" missed="1" covered="0"/><counter type="METHOD" missed="1" covered="0"/></method><method name="setNodeAuditAnalyzerUseCache" desc="(Ljava/lang/Boolean;)V" line="979"><counter type="INSTRUCTION" missed="4" covered="0"/><counter type="LINE" missed="2" covered="0"/><counter type="COMPLEXITY" missed="1" covered="0"/><counter type="METHOD" missed="1" covered="0"/></method><method name="isNodeAuditAnalyzerSkipDevDependencies" desc="()Ljava/lang/Boolean;" line="988"><counter type="INSTRUCTION" missed="3" covered="0"/><counter type="LINE" missed="1" covered="0"/><counter type="COMPLEXITY" missed="1" covered="0"/><counter type="METHOD" missed="1" covered="0"/></method><method name="setNodeAuditSkipDevDependencies" desc="(Ljava/lang/Boolean;)V" line="998"><counter type="INSTRUCTION" missed="4" covered="0"/><counter type="LINE" missed="2" covered="0"/><counter type="COMPLEXITY" missed="1" covered="0"/><counter type="METHOD" missed="1" covered="0"/></method><method name="isRetireJsAnalyzerEnabled" desc="()Ljava/lang/Boolean;" line="1007"><counter type="INSTRUCTION" missed="3" covered="0"/><counter type="LINE" missed="1" covered="0"/><counter type="COMPLEXITY" missed="1" covered="0"/><counter type="METHOD" missed="1" covered="0"/></method><method name="setRetireJsAnalyzerEnabled" desc="(Ljava/lang/Boolean;)V" line="1016"><counter type="INSTRUCTION" missed="4" covered="0"/><counter type="LINE" missed="2" covered="0"/><counter type="COMPLEXITY" missed="1" covered="0"/><counter type="METHOD" missed="1" covered="0"/></method><method name="getRetireJsUrl" desc="()Ljava/lang/String;" line="1025"><counter type="INSTRUCTION" missed="3" covered="0"/><counter type="LINE" missed="1" covered="0"/><counter type="COMPLEXITY" missed="1" covered="0"/><counter type="METHOD" missed="1" covered="0"/></method><method name="setRetireJsUrl" desc="(Ljava/lang/String;)V" line="1034"><counter type="INSTRUCTION" missed="4" covered="0"/><counter type="LINE" missed="2" covered="0"/><counter type="COMPLEXITY" missed="1" covered="0"/><counter type="METHOD" missed="1" covered="0"/></method><method name="isRetireJsAnalyzerForceUpdate" desc="()Ljava/lang/Boolean;" line="1043"><counter type="INSTRUCTION" missed="3" covered="0"/><counter type="LINE" missed="1" covered="0"/><counter type="COMPLEXITY" missed="1" covered="0"/><counter type="METHOD" missed="1" covered="0"/></method><method name="setRetireJsAnalyzerForceUpdate" desc="(Ljava/lang/Boolean;)V" line="1053"><counter type="INSTRUCTION" missed="4" covered="0"/><counter type="LINE" missed="2" covered="0"/><counter type="COMPLEXITY" missed="1" covered="0"/><counter type="METHOD" missed="1" covered="0"/></method><method name="isRetirejsFilterNonVulnerable" desc="()Ljava/lang/Boolean;" line="1062"><counter type="INSTRUCTION" missed="3" covered="0"/><counter type="LINE" missed="1" covered="0"/><counter type="COMPLEXITY" missed="1" covered="0"/><counter type="METHOD" missed="1" covered="0"/></method><method name="setRetirejsFilterNonVulnerable" desc="(Ljava/lang/Boolean;)V" line="1072"><counter type="INSTRUCTION" missed="0" covered="4"/><counter type="LINE" missed="0" covered="2"/><counter type="COMPLEXITY" missed="0" covered="1"/><counter type="METHOD" missed="0" covered="1"/></method><method name="getRetirejsFilters" desc="()Ljava/util/List;" line="1081"><counter type="INSTRUCTION" missed="3" covered="0"/><counter type="LINE" missed="1" covered="0"/><counter type="COMPLEXITY" missed="1" covered="0"/><counter type="METHOD" missed="1" covered="0"/></method><method name="addConfiguredRetirejsFilter" desc="(Lorg/owasp/dependencycheck/taskdefs/RetirejsFilter;)V" line="1093"><counter type="INSTRUCTION" missed="0" covered="7"/><counter type="LINE" missed="0" covered="2"/><counter type="COMPLEXITY" missed="0" covered="1"/><counter type="METHOD" missed="0" covered="1"/></method><method name="isRubygemsAnalyzerEnabled" desc="()Ljava/lang/Boolean;" line="1102"><counter type="INSTRUCTION" missed="3" covered="0"/><counter type="LINE" missed="1" covered="0"/><counter type="COMPLEXITY" missed="1" covered="0"/><counter type="METHOD" missed="1" covered="0"/></method><method name="setRubygemsAnalyzerEnabled" desc="(Ljava/lang/Boolean;)V" line="1111"><counter type="INSTRUCTION" missed="4" covered="0"/><counter type="LINE" missed="2" covered="0"/><counter type="COMPLEXITY" missed="1" covered="0"/><counter type="METHOD" missed="1" covered="0"/></method><method name="isPyPackageAnalyzerEnabled" desc="()Ljava/lang/Boolean;" line="1120"><counter type="INSTRUCTION" missed="3" covered="0"/><counter type="LINE" missed="1" covered="0"/><counter type="COMPLEXITY" missed="1" covered="0"/><counter type="METHOD" missed="1" covered="0"/></method><method name="setPyPackageAnalyzerEnabled" desc="(Ljava/lang/Boolean;)V" line="1129"><counter type="INSTRUCTION" missed="4" covered="0"/><counter type="LINE" missed="2" covered="0"/><counter type="COMPLEXITY" missed="1" covered="0"/><counter type="METHOD" missed="1" covered="0"/></method><method name="isPyDistributionAnalyzerEnabled" desc="()Ljava/lang/Boolean;" line="1138"><counter type="INSTRUCTION" missed="3" covered="0"/><counter type="LINE" missed="1" covered="0"/><counter type="COMPLEXITY" missed="1" covered="0"/><counter type="METHOD" missed="1" covered="0"/></method><method name="setPyDistributionAnalyzerEnabled" desc="(Ljava/lang/Boolean;)V" line="1148"><counter type="INSTRUCTION" missed="4" covered="0"/><counter type="LINE" missed="2" covered="0"/><counter type="COMPLEXITY" missed="1" covered="0"/><counter type="METHOD" missed="1" covered="0"/></method><method name="getMixAuditAnalyzerEnabled" desc="()Ljava/lang/Boolean;" line="1157"><counter type="INSTRUCTION" missed="3" covered="0"/><counter type="LINE" missed="1" covered="0"/><counter type="COMPLEXITY" missed="1" covered="0"/><counter type="METHOD" missed="1" covered="0"/></method><method name="setMixAuditAnalyzerEnabled" desc="(Ljava/lang/Boolean;)V" line="1167"><counter type="INSTRUCTION" missed="4" covered="0"/><counter type="LINE" missed="2" covered="0"/><counter type="COMPLEXITY" missed="1" covered="0"/><counter type="METHOD" missed="1" covered="0"/></method><method name="isCentralAnalyzerEnabled" desc="()Ljava/lang/Boolean;" line="1176"><counter type="INSTRUCTION" missed="3" covered="0"/><counter type="LINE" missed="1" covered="0"/><counter type="COMPLEXITY" missed="1" covered="0"/><counter type="METHOD" missed="1" covered="0"/></method><method name="setCentralAnalyzerEnabled" desc="(Ljava/lang/Boolean;)V" line="1185"><counter type="INSTRUCTION" missed="0" covered="4"/><counter type="LINE" missed="0" covered="2"/><counter type="COMPLEXITY" missed="0" covered="1"/><counter type="METHOD" missed="0" covered="1"/></method><method name="isCentralAnalyzerUseCache" desc="()Ljava/lang/Boolean;" line="1194"><counter type="INSTRUCTION" missed="3" covered="0"/><counter type="LINE" missed="1" covered="0"/><counter type="COMPLEXITY" missed="1" covered="0"/><counter type="METHOD" missed="1" covered="0"/></method><method name="setCentralAnalyzerUseCache" desc="(Ljava/lang/Boolean;)V" line="1203"><counter type="INSTRUCTION" missed="4" covered="0"/><counter type="LINE" missed="2" covered="0"/><counter type="COMPLEXITY" missed="1" covered="0"/><counter type="METHOD" missed="1" covered="0"/></method><method name="isNexusAnalyzerEnabled" desc="()Ljava/lang/Boolean;" line="1212"><counter type="INSTRUCTION" missed="3" covered="0"/><counter type="LINE" missed="1" covered="0"/><counter type="COMPLEXITY" missed="1" covered="0"/><counter type="METHOD" missed="1" covered="0"/></method><method name="setNexusAnalyzerEnabled" desc="(Ljava/lang/Boolean;)V" line="1221"><counter type="INSTRUCTION" missed="4" covered="0"/><counter type="LINE" missed="2" covered="0"/><counter type="COMPLEXITY" missed="1" covered="0"/><counter type="METHOD" missed="1" covered="0"/></method><method name="isGolangDepEnabled" desc="()Ljava/lang/Boolean;" line="1230"><counter type="INSTRUCTION" missed="3" covered="0"/><counter type="LINE" missed="1" covered="0"/><counter type="COMPLEXITY" missed="1" covered="0"/><counter type="METHOD" missed="1" covered="0"/></method><method name="setGolangDepEnabled" desc="(Ljava/lang/Boolean;)V" line="1239"><counter type="INSTRUCTION" missed="4" covered="0"/><counter type="LINE" missed="2" covered="0"/><counter type="COMPLEXITY" missed="1" covered="0"/><counter type="METHOD" missed="1" covered="0"/></method><method name="isGoModDepEnabled" desc="()Ljava/lang/Boolean;" line="1248"><counter type="INSTRUCTION" missed="3" covered="0"/><counter type="LINE" missed="1" covered="0"/><counter type="COMPLEXITY" missed="1" covered="0"/><counter type="METHOD" missed="1" covered="0"/></method><method name="setGolangModEnabled" desc="(Ljava/lang/Boolean;)V" line="1257"><counter type="INSTRUCTION" missed="4" covered="0"/><counter type="LINE" missed="2" covered="0"/><counter type="COMPLEXITY" missed="1" covered="0"/><counter type="METHOD" missed="1" covered="0"/></method><method name="getPathToGo" desc="()Ljava/lang/String;" line="1266"><counter type="INSTRUCTION" missed="3" covered="0"/><counter type="LINE" missed="1" covered="0"/><counter type="COMPLEXITY" missed="1" covered="0"/><counter type="METHOD" missed="1" covered="0"/></method><method name="setPathToGo" desc="(Ljava/lang/String;)V" line="1275"><counter type="INSTRUCTION" missed="4" covered="0"/><counter type="LINE" missed="2" covered="0"/><counter type="COMPLEXITY" missed="1" covered="0"/><counter type="METHOD" missed="1" covered="0"/></method><method name="getNexusUrl" desc="()Ljava/lang/String;" line="1284"><counter type="INSTRUCTION" missed="3" covered="0"/><counter type="LINE" missed="1" covered="0"/><counter type="COMPLEXITY" missed="1" covered="0"/><counter type="METHOD" missed="1" covered="0"/></method><method name="setNexusUrl" desc="(Ljava/lang/String;)V" line="1293"><counter type="INSTRUCTION" missed="4" covered="0"/><counter type="LINE" missed="2" covered="0"/><counter type="COMPLEXITY" missed="1" covered="0"/><counter type="METHOD" missed="1" covered="0"/></method><method name="getNexusUser" desc="()Ljava/lang/String;" line="1302"><counter type="INSTRUCTION" missed="3" covered="0"/><counter type="LINE" missed="1" covered="0"/><counter type="COMPLEXITY" missed="1" covered="0"/><counter type="METHOD" missed="1" covered="0"/></method><method name="setNexusUser" desc="(Ljava/lang/String;)V" line="1311"><counter type="INSTRUCTION" missed="4" covered="0"/><counter type="LINE" missed="2" covered="0"/><counter type="COMPLEXITY" missed="1" covered="0"/><counter type="METHOD" missed="1" covered="0"/></method><method name="getNexusPassword" desc="()Ljava/lang/String;" line="1320"><counter type="INSTRUCTION" missed="3" covered="0"/><counter type="LINE" missed="1" covered="0"/><counter type="COMPLEXITY" missed="1" covered="0"/><counter type="METHOD" missed="1" covered="0"/></method><method name="setNexusPassword" desc="(Ljava/lang/String;)V" line="1329"><counter type="INSTRUCTION" missed="4" covered="0"/><counter type="LINE" missed="2" covered="0"/><counter type="COMPLEXITY" missed="1" covered="0"/><counter type="METHOD" missed="1" covered="0"/></method><method name="isNexusUsesProxy" desc="()Ljava/lang/Boolean;" line="1338"><counter type="INSTRUCTION" missed="3" covered="0"/><counter type="LINE" missed="1" covered="0"/><counter type="COMPLEXITY" missed="1" covered="0"/><counter type="METHOD" missed="1" covered="0"/></method><method name="setNexusUsesProxy" desc="(Ljava/lang/Boolean;)V" line="1347"><counter type="INSTRUCTION" missed="4" covered="0"/><counter type="LINE" missed="2" covered="0"/><counter type="COMPLEXITY" missed="1" covered="0"/><counter type="METHOD" missed="1" covered="0"/></method><method name="getZipExtensions" desc="()Ljava/lang/String;" line="1356"><counter type="INSTRUCTION" missed="3" covered="0"/><counter type="LINE" missed="1" covered="0"/><counter type="COMPLEXITY" missed="1" covered="0"/><counter type="METHOD" missed="1" covered="0"/></method><method name="setZipExtensions" desc="(Ljava/lang/String;)V" line="1365"><counter type="INSTRUCTION" missed="4" covered="0"/><counter type="LINE" missed="2" covered="0"/><counter type="COMPLEXITY" missed="1" covered="0"/><counter type="METHOD" missed="1" covered="0"/></method><method name="getPathToDotnetCore" desc="()Ljava/lang/String;" line="1374"><counter type="INSTRUCTION" missed="3" covered="0"/><counter type="LINE" missed="1" covered="0"/><counter type="COMPLEXITY" missed="1" covered="0"/><counter type="METHOD" missed="1" covered="0"/></method><method name="setPathToDotnetCore" desc="(Ljava/lang/String;)V" line="1383"><counter type="INSTRUCTION" missed="4" covered="0"/><counter type="LINE" missed="2" covered="0"/><counter type="COMPLEXITY" missed="1" covered="0"/><counter type="METHOD" missed="1" covered="0"/></method><method name="isOssindexAnalyzerEnabled" desc="()Ljava/lang/Boolean;" line="1392"><counter type="INSTRUCTION" missed="3" covered="0"/><counter type="LINE" missed="1" covered="0"/><counter type="COMPLEXITY" missed="1" covered="0"/><counter type="METHOD" missed="1" covered="0"/></method><method name="setOssindexAnalyzerEnabled" desc="(Ljava/lang/Boolean;)V" line="1401"><counter type="INSTRUCTION" missed="0" covered="4"/><counter type="LINE" missed="0" covered="2"/><counter type="COMPLEXITY" missed="0" covered="1"/><counter type="METHOD" missed="0" covered="1"/></method><method name="isOssindexAnalyzerUseCache" desc="()Ljava/lang/Boolean;" line="1410"><counter type="INSTRUCTION" missed="3" covered="0"/><counter type="LINE" missed="1" covered="0"/><counter type="COMPLEXITY" missed="1" covered="0"/><counter type="METHOD" missed="1" covered="0"/></method><method name="setOssindexAnalyzerUseCache" desc="(Ljava/lang/Boolean;)V" line="1419"><counter type="INSTRUCTION" missed="4" covered="0"/><counter type="LINE" missed="2" covered="0"/><counter type="COMPLEXITY" missed="1" covered="0"/><counter type="METHOD" missed="1" covered="0"/></method><method name="getOssindexAnalyzerUrl" desc="()Ljava/lang/String;" line="1428"><counter type="INSTRUCTION" missed="3" covered="0"/><counter type="LINE" missed="1" covered="0"/><counter type="COMPLEXITY" missed="1" covered="0"/><counter type="METHOD" missed="1" covered="0"/></method><method name="setOssindexAnalyzerUrl" desc="(Ljava/lang/String;)V" line="1437"><counter type="INSTRUCTION" missed="4" covered="0"/><counter type="LINE" missed="2" covered="0"/><counter type="COMPLEXITY" missed="1" covered="0"/><counter type="METHOD" missed="1" covered="0"/></method><method name="getOssindexAnalyzerUsername" desc="()Ljava/lang/String;" line="1446"><counter type="INSTRUCTION" missed="3" covered="0"/><counter type="LINE" missed="1" covered="0"/><counter type="COMPLEXITY" missed="1" covered="0"/><counter type="METHOD" missed="1" covered="0"/></method><method name="setOssindexAnalyzerUsername" desc="(Ljava/lang/String;)V" line="1455"><counter type="INSTRUCTION" missed="4" covered="0"/><counter type="LINE" missed="2" covered="0"/><counter type="COMPLEXITY" missed="1" covered="0"/><counter type="METHOD" missed="1" covered="0"/></method><method name="getOssindexAnalyzerPassword" desc="()Ljava/lang/String;" line="1464"><counter type="INSTRUCTION" missed="3" covered="0"/><counter type="LINE" missed="1" covered="0"/><counter type="COMPLEXITY" missed="1" covered="0"/><counter type="METHOD" missed="1" covered="0"/></method><method name="setOssindexAnalyzerPassword" desc="(Ljava/lang/String;)V" line="1473"><counter type="INSTRUCTION" missed="4" covered="0"/><counter type="LINE" missed="2" covered="0"/><counter type="COMPLEXITY" missed="1" covered="0"/><counter type="METHOD" missed="1" covered="0"/></method><method name="isCmakeAnalyzerEnabled" desc="()Ljava/lang/Boolean;" line="1482"><counter type="INSTRUCTION" missed="3" covered="0"/><counter type="LINE" missed="1" covered="0"/><counter type="COMPLEXITY" missed="1" covered="0"/><counter type="METHOD" missed="1" covered="0"/></method><method name="setCmakeAnalyzerEnabled" desc="(Ljava/lang/Boolean;)V" line="1491"><counter type="INSTRUCTION" missed="4" covered="0"/><counter type="LINE" missed="2" covered="0"/><counter type="COMPLEXITY" missed="1" covered="0"/><counter type="METHOD" missed="1" covered="0"/></method><method name="getArtifactoryAnalyzerEnabled" desc="()Ljava/lang/Boolean;" line="1500"><counter type="INSTRUCTION" missed="3" covered="0"/><counter type="LINE" missed="1" covered="0"/><counter type="COMPLEXITY" missed="1" covered="0"/><counter type="METHOD" missed="1" covered="0"/></method><method name="setArtifactoryAnalyzerEnabled" desc="(Ljava/lang/Boolean;)V" line="1509"><counter type="INSTRUCTION" missed="4" covered="0"/><counter type="LINE" missed="2" covered="0"/><counter type="COMPLEXITY" missed="1" covered="0"/><counter type="METHOD" missed="1" covered="0"/></method><method name="getArtifactoryAnalyzerUrl" desc="()Ljava/lang/String;" line="1518"><counter type="INSTRUCTION" missed="3" covered="0"/><counter type="LINE" missed="1" covered="0"/><counter type="COMPLEXITY" missed="1" covered="0"/><counter type="METHOD" missed="1" covered="0"/></method><method name="setArtifactoryAnalyzerUrl" desc="(Ljava/lang/String;)V" line="1527"><counter type="INSTRUCTION" missed="4" covered="0"/><counter type="LINE" missed="2" covered="0"/><counter type="COMPLEXITY" missed="1" covered="0"/><counter type="METHOD" missed="1" covered="0"/></method><method name="getArtifactoryAnalyzerUseProxy" desc="()Ljava/lang/Boolean;" line="1536"><counter type="INSTRUCTION" missed="3" covered="0"/><counter type="LINE" missed="1" covered="0"/><counter type="COMPLEXITY" missed="1" covered="0"/><counter type="METHOD" missed="1" covered="0"/></method><method name="setArtifactoryAnalyzerUseProxy" desc="(Ljava/lang/Boolean;)V" line="1546"><counter type="INSTRUCTION" missed="4" covered="0"/><counter type="LINE" missed="2" covered="0"/><counter type="COMPLEXITY" missed="1" covered="0"/><counter type="METHOD" missed="1" covered="0"/></method><method name="getArtifactoryAnalyzerParallelAnalysis" desc="()Ljava/lang/Boolean;" line="1555"><counter type="INSTRUCTION" missed="3" covered="0"/><counter type="LINE" missed="1" covered="0"/><counter type="COMPLEXITY" missed="1" covered="0"/><counter type="METHOD" missed="1" covered="0"/></method><method name="setArtifactoryAnalyzerParallelAnalysis" desc="(Ljava/lang/Boolean;)V" line="1565"><counter type="INSTRUCTION" missed="4" covered="0"/><counter type="LINE" missed="2" covered="0"/><counter type="COMPLEXITY" missed="1" covered="0"/><counter type="METHOD" missed="1" covered="0"/></method><method name="getArtifactoryAnalyzerUsername" desc="()Ljava/lang/String;" line="1574"><counter type="INSTRUCTION" missed="3" covered="0"/><counter type="LINE" missed="1" covered="0"/><counter type="COMPLEXITY" missed="1" covered="0"/><counter type="METHOD" missed="1" covered="0"/></method><method name="setArtifactoryAnalyzerUsername" desc="(Ljava/lang/String;)V" line="1584"><counter type="INSTRUCTION" missed="4" covered="0"/><counter type="LINE" missed="2" covered="0"/><counter type="COMPLEXITY" missed="1" covered="0"/><counter type="METHOD" missed="1" covered="0"/></method><method name="getArtifactoryAnalyzerApiToken" desc="()Ljava/lang/String;" line="1593"><counter type="INSTRUCTION" missed="3" covered="0"/><counter type="LINE" missed="1" covered="0"/><counter type="COMPLEXITY" missed="1" covered="0"/><counter type="METHOD" missed="1" covered="0"/></method><method name="setArtifactoryAnalyzerApiToken" desc="(Ljava/lang/String;)V" line="1603"><counter type="INSTRUCTION" missed="4" covered="0"/><counter type="LINE" missed="2" covered="0"/><counter type="COMPLEXITY" missed="1" covered="0"/><counter type="METHOD" missed="1" covered="0"/></method><method name="getArtifactoryAnalyzerBearerToken" desc="()Ljava/lang/String;" line="1612"><counter type="INSTRUCTION" missed="3" covered="0"/><counter type="LINE" missed="1" covered="0"/><counter type="COMPLEXITY" missed="1" covered="0"/><counter type="METHOD" missed="1" covered="0"/></method><method name="setArtifactoryAnalyzerBearerToken" desc="(Ljava/lang/String;)V" line="1622"><counter type="INSTRUCTION" missed="4" covered="0"/><counter type="LINE" missed="2" covered="0"/><counter type="COMPLEXITY" missed="1" covered="0"/><counter type="METHOD" missed="1" covered="0"/></method><method name="execute" desc="()V" line="1629"><counter type="INSTRUCTION" missed="34" covered="93"/><counter type="BRANCH" missed="7" covered="11"/><counter type="LINE" missed="10" covered="21"/><counter type="COMPLEXITY" missed="5" covered="5"/><counter type="METHOD" missed="0" covered="1"/></method><method name="callExecuteAnalysis" desc="(Lorg/owasp/dependencycheck/Engine;)Lorg/owasp/dependencycheck/exception/ExceptionCollection;" line="1683"><counter type="INSTRUCTION" missed="11" covered="7"/><counter type="BRANCH" missed="2" covered="0"/><counter type="LINE" missed="4" covered="4"/><counter type="COMPLEXITY" missed="1" covered="1"/><counter type="METHOD" missed="0" covered="1"/></method><method name="validateConfiguration" desc="()V" line="1704"><counter type="INSTRUCTION" missed="10" covered="14"/><counter type="BRANCH" missed="3" covered="3"/><counter type="LINE" missed="2" covered="3"/><counter type="COMPLEXITY" missed="3" covered="1"/><counter type="METHOD" missed="0" covered="1"/></method><method name="populateSettings" desc="()V" line="1723"><counter type="INSTRUCTION" missed="0" covered="363"/><counter type="LINE" missed="0" covered="62"/><counter type="COMPLEXITY" missed="0" covered="1"/><counter type="METHOD" missed="0" covered="1"/></method><method name="checkForFailure" desc="([Lorg/owasp/dependencycheck/dependency/Dependency;)V" line="1799"><counter type="INSTRUCTION" missed="25" covered="87"/><counter type="BRANCH" missed="11" covered="11"/><counter type="LINE" missed="3" covered="14"/><counter type="COMPLEXITY" missed="7" covered="5"/><counter type="METHOD" missed="0" covered="1"/></method><counter type="INSTRUCTION" missed="536" covered="724"/><counter type="BRANCH" missed="31" covered="33"/><counter type="LINE" missed="199" covered="157"/><counter type="COMPLEXITY" missed="139" covered="33"/><counter type="METHOD" missed="117" covered="23"/><counter type="CLASS" missed="0" covered="1"/></class><class name="org/owasp/dependencycheck/taskdefs/Update" sourcefilename="Update.java"><method name="&lt;init&gt;" desc="()V" line="101"><counter type="INSTRUCTION" missed="0" covered="6"/><counter type="LINE" missed="0" covered="3"/><counter type="COMPLEXITY" missed="0" covered="1"/><counter type="METHOD" missed="0" covered="1"/></method><method name="getProxyServer" desc="()Ljava/lang/String;" line="113"><counter type="INSTRUCTION" missed="3" covered="0"/><counter type="LINE" missed="1" covered="0"/><counter type="COMPLEXITY" missed="1" covered="0"/><counter type="METHOD" missed="1" covered="0"/></method><method name="setProxyServer" desc="(Ljava/lang/String;)V" line="122"><counter type="INSTRUCTION" missed="4" covered="0"/><counter type="LINE" missed="2" covered="0"/><counter type="COMPLEXITY" missed="1" covered="0"/><counter type="METHOD" missed="1" covered="0"/></method><method name="getProxyPort" desc="()Ljava/lang/String;" line="131"><counter type="INSTRUCTION" missed="3" covered="0"/><counter type="LINE" missed="1" covered="0"/><counter type="COMPLEXITY" missed="1" covered="0"/><counter type="METHOD" missed="1" covered="0"/></method><method name="setProxyPort" desc="(Ljava/lang/String;)V" line="140"><counter type="INSTRUCTION" missed="4" covered="0"/><counter type="LINE" missed="2" covered="0"/><counter type="COMPLEXITY" missed="1" covered="0"/><counter type="METHOD" missed="1" covered="0"/></method><method name="getProxyUsername" desc="()Ljava/lang/String;" line="149"><counter type="INSTRUCTION" missed="3" covered="0"/><counter type="LINE" missed="1" covered="0"/><counter type="COMPLEXITY" missed="1" covered="0"/><counter type="METHOD" missed="1" covered="0"/></method><method name="setProxyUsername" desc="(Ljava/lang/String;)V" line="158"><counter type="INSTRUCTION" missed="4" covered="0"/><counter type="LINE" missed="2" covered="0"/><counter type="COMPLEXITY" missed="1" covered="0"/><counter type="METHOD" missed="1" covered="0"/></method><method name="getProxyPassword" desc="()Ljava/lang/String;" line="167"><counter type="INSTRUCTION" missed="3" covered="0"/><counter type="LINE" missed="1" covered="0"/><counter type="COMPLEXITY" missed="1" covered="0"/><counter type="METHOD" missed="1" covered="0"/></method><method name="setProxyPassword" desc="(Ljava/lang/String;)V" line="176"><counter type="INSTRUCTION" missed="4" covered="0"/><counter type="LINE" missed="2" covered="0"/><counter type="COMPLEXITY" missed="1" covered="0"/><counter type="METHOD" missed="1" covered="0"/></method><method name="getNonProxyHosts" desc="()Ljava/lang/String;" line="185"><counter type="INSTRUCTION" missed="3" covered="0"/><counter type="LINE" missed="1" covered="0"/><counter type="COMPLEXITY" missed="1" covered="0"/><counter type="METHOD" missed="1" covered="0"/></method><method name="setNonProxyHosts" desc="(Ljava/lang/String;)V" line="194"><counter type="INSTRUCTION" missed="4" covered="0"/><counter type="LINE" missed="2" covered="0"/><counter type="COMPLEXITY" missed="1" covered="0"/><counter type="METHOD" missed="1" covered="0"/></method><method name="getConnectionTimeout" desc="()Ljava/lang/String;" line="203"><counter type="INSTRUCTION" missed="3" covered="0"/><counter type="LINE" missed="1" covered="0"/><counter type="COMPLEXITY" missed="1" covered="0"/><counter type="METHOD" missed="1" covered="0"/></method><method name="setConnectionTimeout" desc="(Ljava/lang/String;)V" line="212"><counter type="INSTRUCTION" missed="4" covered="0"/><counter type="LINE" missed="2" covered="0"/><counter type="COMPLEXITY" missed="1" covered="0"/><counter type="METHOD" missed="1" covered="0"/></method><method name="getDatabaseDriverName" desc="()Ljava/lang/String;" line="221"><counter type="INSTRUCTION" missed="3" covered="0"/><counter type="LINE" missed="1" covered="0"/><counter type="COMPLEXITY" missed="1" covered="0"/><counter type="METHOD" missed="1" covered="0"/></method><method name="setDatabaseDriverName" desc="(Ljava/lang/String;)V" line="230"><counter type="INSTRUCTION" missed="4" covered="0"/><counter type="LINE" missed="2" covered="0"/><counter type="COMPLEXITY" missed="1" covered="0"/><counter type="METHOD" missed="1" covered="0"/></method><method name="getDatabaseDriverPath" desc="()Ljava/lang/String;" line="239"><counter type="INSTRUCTION" missed="3" covered="0"/><counter type="LINE" missed="1" covered="0"/><counter type="COMPLEXITY" missed="1" covered="0"/><counter type="METHOD" missed="1" covered="0"/></method><method name="setDatabaseDriverPath" desc="(Ljava/lang/String;)V" line="248"><counter type="INSTRUCTION" missed="4" covered="0"/><counter type="LINE" missed="2" covered="0"/><counter type="COMPLEXITY" missed="1" covered="0"/><counter type="METHOD" missed="1" covered="0"/></method><method name="getConnectionString" desc="()Ljava/lang/String;" line="257"><counter type="INSTRUCTION" missed="3" covered="0"/><counter type="LINE" missed="1" covered="0"/><counter type="COMPLEXITY" missed="1" covered="0"/><counter type="METHOD" missed="1" covered="0"/></method><method name="setConnectionString" desc="(Ljava/lang/String;)V" line="266"><counter type="INSTRUCTION" missed="4" covered="0"/><counter type="LINE" missed="2" covered="0"/><counter type="COMPLEXITY" missed="1" covered="0"/><counter type="METHOD" missed="1" covered="0"/></method><method name="getDatabaseUser" desc="()Ljava/lang/String;" line="275"><counter type="INSTRUCTION" missed="3" covered="0"/><counter type="LINE" missed="1" covered="0"/><counter type="COMPLEXITY" missed="1" covered="0"/><counter type="METHOD" missed="1" covered="0"/></method><method name="setDatabaseUser" desc="(Ljava/lang/String;)V" line="284"><counter type="INSTRUCTION" missed="4" covered="0"/><counter type="LINE" missed="2" covered="0"/><counter type="COMPLEXITY" missed="1" covered="0"/><counter type="METHOD" missed="1" covered="0"/></method><method name="getDatabasePassword" desc="()Ljava/lang/String;" line="293"><counter type="INSTRUCTION" missed="3" covered="0"/><counter type="LINE" missed="1" covered="0"/><counter type="COMPLEXITY" missed="1" covered="0"/><counter type="METHOD" missed="1" covered="0"/></method><method name="setDatabasePassword" desc="(Ljava/lang/String;)V" line="302"><counter type="INSTRUCTION" missed="4" covered="0"/><counter type="LINE" missed="2" covered="0"/><counter type="COMPLEXITY" missed="1" covered="0"/><counter type="METHOD" missed="1" covered="0"/></method><method name="setCveUrlModified" desc="(Ljava/lang/String;)V" line="311"><counter type="INSTRUCTION" missed="4" covered="0"/><counter type="LINE" missed="2" covered="0"/><counter type="COMPLEXITY" missed="1" covered="0"/><counter type="METHOD" missed="1" covered="0"/></method><method name="getCveUrlModified" desc="()Ljava/lang/String;" line="320"><counter type="INSTRUCTION" missed="3" covered="0"/><counter type="LINE" missed="1" covered="0"/><counter type="COMPLEXITY" missed="1" covered="0"/><counter type="METHOD" missed="1" covered="0"/></method><method name="getCveUrlBase" desc="()Ljava/lang/String;" line="329"><counter type="INSTRUCTION" missed="3" covered="0"/><counter type="LINE" missed="1" covered="0"/><counter type="COMPLEXITY" missed="1" covered="0"/><counter type="METHOD" missed="1" covered="0"/></method><method name="setCveUrlBase" desc="(Ljava/lang/String;)V" line="338"><counter type="INSTRUCTION" missed="4" covered="0"/><counter type="LINE" missed="2" covered="0"/><counter type="COMPLEXITY" missed="1" covered="0"/><counter type="METHOD" missed="1" covered="0"/></method><method name="getCveValidForHours" desc="()Ljava/lang/Integer;" line="347"><counter type="INSTRUCTION" missed="3" covered="0"/><counter type="LINE" missed="1" covered="0"/><counter type="COMPLEXITY" missed="1" covered="0"/><counter type="METHOD" missed="1" covered="0"/></method><method name="setCveValidForHours" desc="(Ljava/lang/Integer;)V" line="356"><counter type="INSTRUCTION" missed="4" covered="0"/><counter type="LINE" missed="2" covered="0"/><counter type="COMPLEXITY" missed="1" covered="0"/><counter type="METHOD" missed="1" covered="0"/></method><method name="execute" desc="()V" line="370"><counter type="INSTRUCTION" missed="48" covered="0"/><counter type="BRANCH" missed="4" covered="0"/><counter type="LINE" missed="14" covered="0"/><counter type="COMPLEXITY" missed="3" covered="0"/><counter type="METHOD" missed="1" covered="0"/></method><method name="populateSettings" desc="()V" line="400"><counter type="INSTRUCTION" missed="17" covered="84"/><counter type="BRANCH" missed="3" covered="1"/><counter type="LINE" missed="3" covered="16"/><counter type="COMPLEXITY" missed="2" covered="1"/><counter type="METHOD" missed="0" covered="1"/></method><counter type="INSTRUCTION" missed="163" covered="90"/><counter type="BRANCH" missed="7" covered="1"/><counter type="LINE" missed="59" covered="19"/><counter type="COMPLEXITY" missed="33" covered="2"/><counter type="METHOD" missed="29" covered="2"/><counter type="CLASS" missed="0" covered="1"/></class><class name="org/owasp/dependencycheck/taskdefs/RetirejsFilter" sourcefilename="RetirejsFilter.java"><method name="&lt;init&gt;" desc="()V" line="26"><counter type="INSTRUCTION" missed="0" covered="3"/><counter type="LINE" missed="0" covered="1"/><counter type="COMPLEXITY" missed="0" covered="1"/><counter type="METHOD" missed="0" covered="1"/></method><method name="getRegex" desc="()Ljava/lang/String;" line="39"><counter type="INSTRUCTION" missed="0" covered="3"/><counter type="LINE" missed="0" covered="1"/><counter type="COMPLEXITY" missed="0" covered="1"/><counter type="METHOD" missed="0" covered="1"/></method><method name="setRegex" desc="(Ljava/lang/String;)V" line="48"><counter type="INSTRUCTION" missed="0" covered="4"/><counter type="LINE" missed="0" covered="2"/><counter type="COMPLEXITY" missed="0" covered="1"/><counter type="METHOD" missed="0" covered="1"/></method><counter type="INSTRUCTION" missed="0" covered="10"/><counter type="LINE" missed="0" covered="4"/><counter type="COMPLEXITY" missed="0" covered="3"/><counter type="METHOD" missed="0" covered="3"/><counter type="CLASS" missed="0" covered="1"/></class><class name="org/owasp/dependencycheck/taskdefs/Purge" sourcefilename="Purge.java"><method name="&lt;init&gt;" desc="()V" line="49"><counter type="INSTRUCTION" missed="0" covered="12"/><counter type="LINE" missed="0" covered="5"/><counter type="COMPLEXITY" missed="0" covered="1"/><counter type="METHOD" missed="0" covered="1"/></method><method name="getSettings" desc="()Lorg/owasp/dependencycheck/utils/Settings;" line="68"><counter type="INSTRUCTION" missed="0" covered="3"/><counter type="LINE" missed="0" covered="1"/><counter type="COMPLEXITY" missed="0" covered="1"/><counter type="METHOD" missed="0" covered="1"/></method><method name="getDataDirectory" desc="()Ljava/lang/String;" line="77"><counter type="INSTRUCTION" missed="3" covered="0"/><counter type="LINE" missed="1" covered="0"/><counter type="COMPLEXITY" missed="1" covered="0"/><counter type="METHOD" missed="1" covered="0"/></method><method name="setDataDirectory" desc="(Ljava/lang/String;)V" line="86"><counter type="INSTRUCTION" missed="4" covered="0"/><counter type="LINE" missed="2" covered="0"/><counter type="COMPLEXITY" missed="1" covered="0"/><counter type="METHOD" missed="1" covered="0"/></method><method name="isFailOnError" desc="()Z" line="95"><counter type="INSTRUCTION" missed="3" covered="0"/><counter type="LINE" missed="1" covered="0"/><counter type="COMPLEXITY" missed="1" covered="0"/><counter type="METHOD" missed="1" covered="0"/></method><method name="setFailOnError" desc="(Z)V" line="104"><counter type="INSTRUCTION" missed="4" covered="0"/><counter type="LINE" missed="2" covered="0"/><counter type="COMPLEXITY" missed="1" covered="0"/><counter type="METHOD" missed="1" covered="0"/></method><method name="execute" desc="()V" line="117"><counter type="INSTRUCTION" missed="19" covered="0"/><counter type="LINE" missed="5" covered="0"/><counter type="COMPLEXITY" missed="1" covered="0"/><counter type="METHOD" missed="1" covered="0"/></method><method name="populateSettings" desc="()V" line="135"><counter type="INSTRUCTION" missed="24" covered="51"/><counter type="BRANCH" missed="3" covered="1"/><counter type="LINE" missed="6" covered="11"/><counter type="COMPLEXITY" missed="2" covered="1"/><counter type="METHOD" missed="0" covered="1"/></method><counter type="INSTRUCTION" missed="57" covered="66"/><counter type="BRANCH" missed="3" covered="1"/><counter type="LINE" missed="17" covered="17"/><counter type="COMPLEXITY" missed="7" covered="3"/><counter type="METHOD" missed="5" covered="3"/><counter type="CLASS" missed="0" covered="1"/></class><class name="org/owasp/dependencycheck/taskdefs/SuppressionFile" sourcefilename="SuppressionFile.java"><method name="&lt;init&gt;" desc="()V" line="26"><counter type="INSTRUCTION" missed="0" covered="3"/><counter type="LINE" missed="0" covered="1"/><counter type="COMPLEXITY" missed="0" covered="1"/><counter type="METHOD" missed="0" covered="1"/></method><method name="setPath" desc="(Ljava/lang/String;)V" line="39"><counter type="INSTRUCTION" missed="0" covered="4"/><counter type="LINE" missed="0" covered="2"/><counter type="COMPLEXITY" missed="0" covered="1"/><counter type="METHOD" missed="0" covered="1"/></method><method name="getPath" desc="()Ljava/lang/String;" line="48"><counter type="INSTRUCTION" missed="0" covered="3"/><counter type="LINE" missed="0" covered="1"/><counter type="COMPLEXITY" missed="0" covered="1"/><counter type="METHOD" missed="0" covered="1"/></method><counter type="INSTRUCTION" missed="0" covered="10"/><counter type="LINE" missed="0" covered="4"/><counter type="COMPLEXITY" missed="0" covered="3"/><counter type="METHOD" missed="0" covered="3"/><counter type="CLASS" missed="0" covered="1"/></class><class name="org/owasp/dependencycheck/taskdefs/Check$ReportFormats" sourcefilename="Check.java"><method name="&lt;init&gt;" desc="()V" line="1832"><counter type="INSTRUCTION" missed="0" covered="3"/><counter type="LINE" missed="0" covered="1"/><counter type="COMPLEXITY" missed="0" covered="1"/><counter type="METHOD" missed="0" covered="1"/></method><method name="getValues" desc="()[Ljava/lang/String;" line="1841"><counter type="INSTRUCTION" missed="0" covered="32"/><counter type="BRANCH" missed="0" covered="2"/><counter type="LINE" missed="0" covered="6"/><counter type="COMPLEXITY" missed="0" covered="2"/><counter type="METHOD" missed="0" covered="1"/></method><counter type="INSTRUCTION" missed="0" covered="35"/><counter type="BRANCH" missed="0" covered="2"/><counter type="LINE" missed="0" covered="7"/><counter type="COMPLEXITY" missed="0" covered="3"/><counter type="METHOD" missed="0" covered="2"/><counter type="CLASS" missed="0" covered="1"/></class><sourcefile name="Update.java"><line nr="101" mi="0" ci="2" mb="0" cb="0"/><line nr="104" mi="0" ci="3" mb="0" cb="0"/><line nr="105" mi="0" ci="1" mb="0" cb="0"/><line nr="113" mi="3" ci="0" mb="0" cb="0"/><line nr="122" mi="3" ci="0" mb="0" cb="0"/><line nr="123" mi="1" ci="0" mb="0" cb="0"/><line nr="131" mi="3" ci="0" mb="0" cb="0"/><line nr="140" mi="3" ci="0" mb="0" cb="0"/><line nr="141" mi="1" ci="0" mb="0" cb="0"/><line nr="149" mi="3" ci="0" mb="0" cb="0"/><line nr="158" mi="3" ci="0" mb="0" cb="0"/><line nr="159" mi="1" ci="0" mb="0" cb="0"/><line nr="167" mi="3" ci="0" mb="0" cb="0"/><line nr="176" mi="3" ci="0" mb="0" cb="0"/><line nr="177" mi="1" ci="0" mb="0" cb="0"/><line nr="185" mi="3" ci="0" mb="0" cb="0"/><line nr="194" mi="3" ci="0" mb="0" cb="0"/><line nr="195" mi="1" ci="0" mb="0" cb="0"/><line nr="203" mi="3" ci="0" mb="0" cb="0"/><line nr="212" mi="3" ci="0" mb="0" cb="0"/><line nr="213" mi="1" ci="0" mb="0" cb="0"/><line nr="221" mi="3" ci="0" mb="0" cb="0"/><line nr="230" mi="3" ci="0" mb="0" cb="0"/><line nr="231" mi="1" ci="0" mb="0" cb="0"/><line nr="239" mi="3" ci="0" mb="0" cb="0"/><line nr="248" mi="3" ci="0" mb="0" cb="0"/><line nr="249" mi="1" ci="0" mb="0" cb="0"/><line nr="257" mi="3" ci="0" mb="0" cb="0"/><line nr="266" mi="3" ci="0" mb="0" cb="0"/><line nr="267" mi="1" ci="0" mb="0" cb="0"/><line nr="275" mi="3" ci="0" mb="0" cb="0"/><line nr="284" mi="3" ci="0" mb="0" cb="0"/><line nr="285" mi="1" ci="0" mb="0" cb="0"/><line nr="293" mi="3" ci="0" mb="0" cb="0"/><line nr="302" mi="3" ci="0" mb="0" cb="0"/><line nr="303" mi="1" ci="0" mb="0" cb="0"/><line nr="311" mi="3" ci="0" mb="0" cb="0"/><line nr="312" mi="1" ci="0" mb="0" cb="0"/><line nr="320" mi="3" ci="0" mb="0" cb="0"/><line nr="329" mi="3" ci="0" mb="0" cb="0"/><line nr="338" mi="3" ci="0" mb="0" cb="0"/><line nr="339" mi="1" ci="0" mb="0" cb="0"/><line nr="347" mi="3" ci="0" mb="0" cb="0"/><line nr="356" mi="3" ci="0" mb="0" cb="0"/><line nr="357" mi="1" ci="0" mb="0" cb="0"/><line nr="370" mi="2" ci="0" mb="0" cb="0"/><line nr="371" mi="10" ci="0" mb="0" cb="0"/><line nr="372" mi="2" ci="0" mb="0" cb="0"/><line nr="373" mi="1" ci="0" mb="0" cb="0"/><line nr="374" mi="3" ci="0" mb="2" cb="0"/><line nr="375" mi="5" ci="0" mb="0" cb="0"/><line nr="377" mi="5" ci="0" mb="0" cb="0"/><line nr="378" mi="1" ci="0" mb="0" cb="0"/><line nr="379" mi="2" ci="0" mb="0" cb="0"/><line nr="380" mi="3" ci="0" mb="2" cb="0"/><line nr="381" mi="6" ci="0" mb="0" cb="0"/><line nr="383" mi="4" ci="0" mb="0" cb="0"/><line nr="385" mi="3" ci="0" mb="0" cb="0"/><line nr="387" mi="1" ci="0" mb="0" cb="0"/><line nr="400" mi="0" ci="2" mb="0" cb="0"/><line nr="401" mi="0" ci="6" mb="0" cb="0"/><line nr="402" mi="0" ci="6" mb="0" cb="0"/><line nr="403" mi="0" ci="6" mb="0" cb="0"/><line nr="404" mi="0" ci="6" mb="0" cb="0"/><line nr="405" mi="0" ci="6" mb="0" cb="0"/><line nr="406" mi="0" ci="6" mb="0" cb="0"/><line nr="407" mi="0" ci="6" mb="0" cb="0"/><line nr="408" mi="0" ci="6" mb="0" cb="0"/><line nr="409" mi="0" ci="6" mb="0" cb="0"/><line nr="410" mi="0" ci="6" mb="0" cb="0"/><line nr="411" mi="0" ci="6" mb="0" cb="0"/><line nr="412" mi="0" ci="6" mb="0" cb="0"/><line nr="413" mi="0" ci="6" mb="0" cb="0"/><line nr="414" mi="0" ci="3" mb="1" cb="1"/><line nr="415" mi="4" ci="0" mb="2" cb="0"/><line nr="416" mi="8" ci="0" mb="0" cb="0"/><line nr="418" mi="5" ci="0" mb="0" cb="0"/><line nr="421" mi="0" ci="1" mb="0" cb="0"/><counter type="INSTRUCTION" missed="163" covered="90"/><counter type="BRANCH" missed="7" covered="1"/><counter type="LINE" missed="59" covered="19"/><counter type="COMPLEXITY" missed="33" covered="2"/><counter type="METHOD" missed="29" covered="2"/><counter type="CLASS" missed="0" covered="1"/></sourcefile><sourcefile name="Purge.java"><line nr="49" mi="0" ci="3" mb="0" cb="0"/><line nr="54" mi="0" ci="3" mb="0" cb="0"/><line nr="60" mi="0" ci="2" mb="0" cb="0"/><line nr="64" mi="0" ci="3" mb="0" cb="0"/><line nr="65" mi="0" ci="1" mb="0" cb="0"/><line nr="68" mi="0" ci="3" mb="0" cb="0"/><line nr="77" mi="3" ci="0" mb="0" cb="0"/><line nr="86" mi="3" ci="0" mb="0" cb="0"/><line nr="87" mi="1" ci="0" mb="0" cb="0"/><line nr="95" mi="3" ci="0" mb="0" cb="0"/><line nr="104" mi="3" ci="0" mb="0" cb="0"/><line nr="105" mi="1" ci="0" mb="0" cb="0"/><line nr="117" mi="2" ci="0" mb="0" cb="0"/><line nr="118" mi="9" ci="0" mb="0" cb="0"/><line nr="119" mi="3" ci="0" mb="0" cb="0"/><line nr="121" mi="4" ci="0" mb="0" cb="0"/><line nr="123" mi="1" ci="0" mb="0" cb="0"/><line nr="135" mi="0" ci="5" mb="0" cb="0"/><line nr="136" mi="0" ci="8" mb="0" cb="0"/><line nr="137" mi="0" ci="4" mb="0" cb="0"/><line nr="138" mi="1" ci="0" mb="0" cb="0"/><line nr="139" mi="2" ci="0" mb="0" cb="0"/><line nr="140" mi="3" ci="0" mb="2" cb="0"/><line nr="141" mi="6" ci="0" mb="0" cb="0"/><line nr="143" mi="5" ci="0" mb="0" cb="0"/><line nr="144" mi="0" ci="1" mb="0" cb="0"/><line nr="145" mi="0" ci="3" mb="1" cb="1"/><line nr="146" mi="7" ci="0" mb="0" cb="0"/><line nr="148" mi="0" ci="9" mb="0" cb="0"/><line nr="149" mi="0" ci="3" mb="0" cb="0"/><line nr="150" mi="0" ci="5" mb="0" cb="0"/><line nr="151" mi="0" ci="6" mb="0" cb="0"/><line nr="152" mi="0" ci="6" mb="0" cb="0"/><line nr="154" mi="0" ci="1" mb="0" cb="0"/><counter type="INSTRUCTION" missed="57" covered="66"/><counter type="BRANCH" missed="3" covered="1"/><counter type="LINE" missed="17" covered="17"/><counter type="COMPLEXITY" missed="7" covered="3"/><counter type="METHOD" missed="5" covered="3"/><counter type="CLASS" missed="0" covered="1"/></sourcefile><sourcefile name="Check.java"><line nr="90" mi="0" ci="5" mb="0" cb="0"/><line nr="177" mi="0" ci="3" mb="0" cb="0"/><line nr="182" mi="0" ci="3" mb="0" cb="0"/><line nr="187" mi="0" ci="3" mb="0" cb="0"/><line nr="195" mi="0" ci="3" mb="0" cb="0"/><line nr="205" mi="0" ci="3" mb="0" cb="0"/><line nr="210" mi="0" ci="5" mb="0" cb="0"/><line nr="215" mi="0" ci="3" mb="0" cb="0"/><line nr="220" mi="0" ci="5" mb="0" cb="0"/><line nr="230" mi="0" ci="3" mb="0" cb="0"/><line nr="349" mi="0" ci="3" mb="0" cb="0"/><line nr="353" mi="0" ci="3" mb="0" cb="0"/><line nr="362" mi="0" ci="3" mb="1" cb="1"/><line nr="363" mi="5" ci="0" mb="0" cb="0"/><line nr="365" mi="0" ci="4" mb="0" cb="0"/><line nr="366" mi="0" ci="1" mb="0" cb="0"/><line nr="376" mi="0" ci="6" mb="0" cb="0"/><line nr="377" mi="0" ci="1" mb="0" cb="0"/><line nr="386" mi="0" ci="3" mb="0" cb="2"/><line nr="387" mi="0" ci="7" mb="0" cb="0"/><line nr="388" mi="0" ci="4" mb="0" cb="0"/><line nr="390" mi="0" ci="3" mb="0" cb="0"/><line nr="399" mi="2" ci="5" mb="1" cb="1"/><line nr="409" mi="3" ci="0" mb="2" cb="0"/><line nr="410" mi="5" ci="0" mb="0" cb="0"/><line nr="412" mi="3" ci="0" mb="0" cb="0"/><line nr="413" mi="1" ci="0" mb="0" cb="0"/><line nr="426" mi="0" ci="3" mb="1" cb="1"/><line nr="427" mi="6" ci="0" mb="0" cb="0"/><line nr="428" mi="3" ci="0" mb="2" cb="0"/><line nr="429" mi="16" ci="0" mb="0" cb="0"/><line nr="432" mi="5" ci="0" mb="0" cb="0"/><line nr="434" mi="0" ci="1" mb="0" cb="0"/><line nr="441" mi="0" ci="2" mb="0" cb="0"/><line nr="444" mi="0" ci="3" mb="0" cb="0"/><line nr="445" mi="0" ci="1" mb="0" cb="0"/><line nr="453" mi="0" ci="3" mb="1" cb="1"/><line nr="454" mi="3" ci="0" mb="0" cb="0"/><line nr="456" mi="0" ci="3" mb="0" cb="0"/><line nr="465" mi="0" ci="3" mb="0" cb="0"/><line nr="466" mi="0" ci="1" mb="0" cb="0"/><line nr="474" mi="3" ci="0" mb="0" cb="0"/><line nr="483" mi="0" ci="3" mb="0" cb="0"/><line nr="484" mi="0" ci="1" mb="0" cb="0"/><line nr="492" mi="3" ci="0" mb="0" cb="0"/><line nr="501" mi="0" ci="3" mb="0" cb="0"/><line nr="502" mi="0" ci="1" mb="0" cb="0"/><line nr="510" mi="3" ci="0" mb="0" cb="0"/><line nr="519" mi="3" ci="0" mb="0" cb="0"/><line nr="520" mi="1" ci="0" mb="0" cb="0"/><line nr="528" mi="3" ci="0" mb="0" cb="0"/><line nr="537" mi="0" ci="3" mb="0" cb="0"/><line nr="538" mi="0" ci="1" mb="0" cb="0"/><line nr="546" mi="3" ci="0" mb="0" cb="0"/><line nr="555" mi="4" ci="0" mb="0" cb="0"/><line nr="556" mi="1" ci="0" mb="0" cb="0"/><line nr="564" mi="0" ci="4" mb="0" cb="0"/><line nr="565" mi="0" ci="6" mb="0" cb="0"/><line nr="566" mi="0" ci="1" mb="0" cb="0"/><line nr="574" mi="0" ci="4" mb="0" cb="2"/><line nr="575" mi="0" ci="6" mb="0" cb="0"/><line nr="577" mi="0" ci="3" mb="0" cb="0"/><line nr="586" mi="3" ci="0" mb="0" cb="0"/><line nr="595" mi="0" ci="5" mb="0" cb="0"/><line nr="596" mi="0" ci="1" mb="0" cb="0"/><line nr="604" mi="3" ci="0" mb="0" cb="0"/><line nr="613" mi="3" ci="0" mb="0" cb="0"/><line nr="614" mi="1" ci="0" mb="0" cb="0"/><line nr="622" mi="3" ci="0" mb="0" cb="0"/><line nr="631" mi="3" ci="0" mb="0" cb="0"/><line nr="632" mi="1" ci="0" mb="0" cb="0"/><line nr="640" mi="3" ci="0" mb="0" cb="0"/><line nr="649" mi="3" ci="0" mb="0" cb="0"/><line nr="650" mi="1" ci="0" mb="0" cb="0"/><line nr="658" mi="3" ci="0" mb="0" cb="0"/><line nr="667" mi="3" ci="0" mb="0" cb="0"/><line nr="668" mi="1" ci="0" mb="0" cb="0"/><line nr="676" mi="3" ci="0" mb="0" cb="0"/><line nr="685" mi="3" ci="0" mb="0" cb="0"/><line nr="686" mi="1" ci="0" mb="0" cb="0"/><line nr="694" mi="3" ci="0" mb="0" cb="0"/><line nr="703" mi="3" ci="0" mb="0" cb="0"/><line nr="704" mi="1" ci="0" mb="0" cb="0"/><line nr="712" mi="3" ci="0" mb="0" cb="0"/><line nr="721" mi="3" ci="0" mb="0" cb="0"/><line nr="722" mi="1" ci="0" mb="0" cb="0"/><line nr="730" mi="3" ci="0" mb="0" cb="0"/><line nr="739" mi="3" ci="0" mb="0" cb="0"/><line nr="748" mi="3" ci="0" mb="0" cb="0"/><line nr="749" mi="1" ci="0" mb="0" cb="0"/><line nr="757" mi="3" ci="0" mb="0" cb="0"/><line nr="758" mi="1" ci="0" mb="0" cb="0"/><line nr="766" mi="3" ci="0" mb="0" cb="0"/><line nr="775" mi="3" ci="0" mb="0" cb="0"/><line nr="776" mi="1" ci="0" mb="0" cb="0"/><line nr="784" mi="3" ci="0" mb="0" cb="0"/><line nr="793" mi="3" ci="0" mb="0" cb="0"/><line nr="794" mi="1" ci="0" mb="0" cb="0"/><line nr="802" mi="3" ci="0" mb="0" cb="0"/><line nr="811" mi="3" ci="0" mb="0" cb="0"/><line nr="812" mi="1" ci="0" mb="0" cb="0"/><line nr="820" mi="3" ci="0" mb="0" cb="0"/><line nr="830" mi="3" ci="0" mb="0" cb="0"/><line nr="831" mi="1" ci="0" mb="0" cb="0"/><line nr="839" mi="3" ci="0" mb="0" cb="0"/><line nr="848" mi="3" ci="0" mb="0" cb="0"/><line nr="849" mi="1" ci="0" mb="0" cb="0"/><line nr="859" mi="3" ci="0" mb="0" cb="0"/><line nr="860" mi="1" ci="0" mb="0" cb="0"/><line nr="870" mi="3" ci="0" mb="0" cb="0"/><line nr="879" mi="4" ci="0" mb="0" cb="0"/><line nr="888" mi="3" ci="0" mb="0" cb="0"/><line nr="889" mi="1" ci="0" mb="0" cb="0"/><line nr="897" mi="3" ci="0" mb="0" cb="0"/><line nr="907" mi="3" ci="0" mb="0" cb="0"/><line nr="908" mi="1" ci="0" mb="0" cb="0"/><line nr="916" mi="3" ci="0" mb="0" cb="0"/><line nr="925" mi="3" ci="0" mb="0" cb="0"/><line nr="926" mi="1" ci="0" mb="0" cb="0"/><line nr="934" mi="3" ci="0" mb="0" cb="0"/><line nr="943" mi="3" ci="0" mb="0" cb="0"/><line nr="944" mi="1" ci="0" mb="0" cb="0"/><line nr="952" mi="3" ci="0" mb="0" cb="0"/><line nr="961" mi="3" ci="0" mb="0" cb="0"/><line nr="962" mi="1" ci="0" mb="0" cb="0"/><line nr="970" mi="3" ci="0" mb="0" cb="0"/><line nr="979" mi="3" ci="0" mb="0" cb="0"/><line nr="980" mi="1" ci="0" mb="0" cb="0"/><line nr="988" mi="3" ci="0" mb="0" cb="0"/><line nr="998" mi="3" ci="0" mb="0" cb="0"/><line nr="999" mi="1" ci="0" mb="0" cb="0"/><line nr="1007" mi="3" ci="0" mb="0" cb="0"/><line nr="1016" mi="3" ci="0" mb="0" cb="0"/><line nr="1017" mi="1" ci="0" mb="0" cb="0"/><line nr="1025" mi="3" ci="0" mb="0" cb="0"/><line nr="1034" mi="3" ci="0" mb="0" cb="0"/><line nr="1035" mi="1" ci="0" mb="0" cb="0"/><line nr="1043" mi="3" ci="0" mb="0" cb="0"/><line nr="1053" mi="3" ci="0" mb="0" cb="0"/><line nr="1054" mi="1" ci="0" mb="0" cb="0"/><line nr="1062" mi="3" ci="0" mb="0" cb="0"/><line nr="1072" mi="0" ci="3" mb="0" cb="0"/><line nr="1073" mi="0" ci="1" mb="0" cb="0"/><line nr="1081" mi="3" ci="0" mb="0" cb="0"/><line nr="1093" mi="0" ci="6" mb="0" cb="0"/><line nr="1094" mi="0" ci="1" mb="0" cb="0"/><line nr="1102" mi="3" ci="0" mb="0" cb="0"/><line nr="1111" mi="3" ci="0" mb="0" cb="0"/><line nr="1112" mi="1" ci="0" mb="0" cb="0"/><line nr="1120" mi="3" ci="0" mb="0" cb="0"/><line nr="1129" mi="3" ci="0" mb="0" cb="0"/><line nr="1130" mi="1" ci="0" mb="0" cb="0"/><line nr="1138" mi="3" ci="0" mb="0" cb="0"/><line nr="1148" mi="3" ci="0" mb="0" cb="0"/><line nr="1149" mi="1" ci="0" mb="0" cb="0"/><line nr="1157" mi="3" ci="0" mb="0" cb="0"/><line nr="1167" mi="3" ci="0" mb="0" cb="0"/><line nr="1168" mi="1" ci="0" mb="0" cb="0"/><line nr="1176" mi="3" ci="0" mb="0" cb="0"/><line nr="1185" mi="0" ci="3" mb="0" cb="0"/><line nr="1186" mi="0" ci="1" mb="0" cb="0"/><line nr="1194" mi="3" ci="0" mb="0" cb="0"/><line nr="1203" mi="3" ci="0" mb="0" cb="0"/><line nr="1204" mi="1" ci="0" mb="0" cb="0"/><line nr="1212" mi="3" ci="0" mb="0" cb="0"/><line nr="1221" mi="3" ci="0" mb="0" cb="0"/><line nr="1222" mi="1" ci="0" mb="0" cb="0"/><line nr="1230" mi="3" ci="0" mb="0" cb="0"/><line nr="1239" mi="3" ci="0" mb="0" cb="0"/><line nr="1240" mi="1" ci="0" mb="0" cb="0"/><line nr="1248" mi="3" ci="0" mb="0" cb="0"/><line nr="1257" mi="3" ci="0" mb="0" cb="0"/><line nr="1258" mi="1" ci="0" mb="0" cb="0"/><line nr="1266" mi="3" ci="0" mb="0" cb="0"/><line nr="1275" mi="3" ci="0" mb="0" cb="0"/><line nr="1276" mi="1" ci="0" mb="0" cb="0"/><line nr="1284" mi="3" ci="0" mb="0" cb="0"/><line nr="1293" mi="3" ci="0" mb="0" cb="0"/><line nr="1294" mi="1" ci="0" mb="0" cb="0"/><line nr="1302" mi="3" ci="0" mb="0" cb="0"/><line nr="1311" mi="3" ci="0" mb="0" cb="0"/><line nr="1312" mi="1" ci="0" mb="0" cb="0"/><line nr="1320" mi="3" ci="0" mb="0" cb="0"/><line nr="1329" mi="3" ci="0" mb="0" cb="0"/><line nr="1330" mi="1" ci="0" mb="0" cb="0"/><line nr="1338" mi="3" ci="0" mb="0" cb="0"/><line nr="1347" mi="3" ci="0" mb="0" cb="0"/><line nr="1348" mi="1" ci="0" mb="0" cb="0"/><line nr="1356" mi="3" ci="0" mb="0" cb="0"/><line nr="1365" mi="3" ci="0" mb="0" cb="0"/><line nr="1366" mi="1" ci="0" mb="0" cb="0"/><line nr="1374" mi="3" ci="0" mb="0" cb="0"/><line nr="1383" mi="3" ci="0" mb="0" cb="0"/><line nr="1384" mi="1" ci="0" mb="0" cb="0"/><line nr="1392" mi="3" ci="0" mb="0" cb="0"/><line nr="1401" mi="0" ci="3" mb="0" cb="0"/><line nr="1402" mi="0" ci="1" mb="0" cb="0"/><line nr="1410" mi="3" ci="0" mb="0" cb="0"/><line nr="1419" mi="3" ci="0" mb="0" cb="0"/><line nr="1420" mi="1" ci="0" mb="0" cb="0"/><line nr="1428" mi="3" ci="0" mb="0" cb="0"/><line nr="1437" mi="3" ci="0" mb="0" cb="0"/><line nr="1438" mi="1" ci="0" mb="0" cb="0"/><line nr="1446" mi="3" ci="0" mb="0" cb="0"/><line nr="1455" mi="3" ci="0" mb="0" cb="0"/><line nr="1456" mi="1" ci="0" mb="0" cb="0"/><line nr="1464" mi="3" ci="0" mb="0" cb="0"/><line nr="1473" mi="3" ci="0" mb="0" cb="0"/><line nr="1474" mi="1" ci="0" mb="0" cb="0"/><line nr="1482" mi="3" ci="0" mb="0" cb="0"/><line nr="1491" mi="3" ci="0" mb="0" cb="0"/><line nr="1492" mi="1" ci="0" mb="0" cb="0"/><line nr="1500" mi="3" ci="0" mb="0" cb="0"/><line nr="1509" mi="3" ci="0" mb="0" cb="0"/><line nr="1510" mi="1" ci="0" mb="0" cb="0"/><line nr="1518" mi="3" ci="0" mb="0" cb="0"/><line nr="1527" mi="3" ci="0" mb="0" cb="0"/><line nr="1528" mi="1" ci="0" mb="0" cb="0"/><line nr="1536" mi="3" ci="0" mb="0" cb="0"/><line nr="1546" mi="3" ci="0" mb="0" cb="0"/><line nr="1547" mi="1" ci="0" mb="0" cb="0"/><line nr="1555" mi="3" ci="0" mb="0" cb="0"/><line nr="1565" mi="3" ci="0" mb="0" cb="0"/><line nr="1566" mi="1" ci="0" mb="0" cb="0"/><line nr="1574" mi="3" ci="0" mb="0" cb="0"/><line nr="1584" mi="3" ci="0" mb="0" cb="0"/><line nr="1585" mi="1" ci="0" mb="0" cb="0"/><line nr="1593" mi="3" ci="0" mb="0" cb="0"/><line nr="1603" mi="3" ci="0" mb="0" cb="0"/><line nr="1604" mi="1" ci="0" mb="0" cb="0"/><line nr="1612" mi="3" ci="0" mb="0" cb="0"/><line nr="1622" mi="3" ci="0" mb="0" cb="0"/><line nr="1623" mi="1" ci="0" mb="0" cb="0"/><line nr="1629" mi="0" ci="2" mb="0" cb="0"/><line nr="1630" mi="0" ci="2" mb="0" cb="0"/><line nr="1631" mi="0" ci="2" mb="0" cb="0"/><line nr="1632" mi="0" ci="10" mb="0" cb="0"/><line nr="1633" mi="0" ci="11" mb="0" cb="2"/><line nr="1634" mi="0" ci="5" mb="0" cb="0"/><line nr="1635" mi="0" ci="2" mb="1" cb="1"/><line nr="1636" mi="0" ci="3" mb="0" cb="0"/><line nr="1637" mi="0" ci="5" mb="1" cb="3"/><line nr="1638" mi="0" ci="4" mb="0" cb="0"/><line nr="1641" mi="0" ci="1" mb="0" cb="0"/><line nr="1642" mi="0" ci="4" mb="0" cb="0"/><line nr="1644" mi="0" ci="11" mb="0" cb="2"/><line nr="1645" mi="0" ci="11" mb="0" cb="0"/><line nr="1646" mi="0" ci="1" mb="0" cb="0"/><line nr="1648" mi="0" ci="5" mb="0" cb="2"/><line nr="1649" mi="0" ci="4" mb="0" cb="0"/><line nr="1651" mi="0" ci="3" mb="1" cb="1"/><line nr="1652" mi="0" ci="3" mb="0" cb="0"/><line nr="1654" mi="1" ci="0" mb="0" cb="0"/><line nr="1655" mi="2" ci="0" mb="0" cb="0"/><line nr="1656" mi="3" ci="0" mb="2" cb="0"/><line nr="1657" mi="6" ci="0" mb="0" cb="0"/><line nr="1659" mi="5" ci="0" mb="0" cb="0"/><line nr="1660" mi="1" ci="0" mb="0" cb="0"/><line nr="1661" mi="2" ci="0" mb="0" cb="0"/><line nr="1662" mi="3" ci="0" mb="2" cb="0"/><line nr="1663" mi="6" ci="0" mb="0" cb="0"/><line nr="1665" mi="5" ci="0" mb="0" cb="0"/><line nr="1667" mi="0" ci="3" mb="0" cb="0"/><line nr="1669" mi="0" ci="1" mb="0" cb="0"/><line nr="1683" mi="0" ci="2" mb="0" cb="0"/><line nr="1685" mi="0" ci="2" mb="0" cb="0"/><line nr="1686" mi="1" ci="0" mb="0" cb="0"/><line nr="1687" mi="3" ci="0" mb="2" cb="0"/><line nr="1688" mi="5" ci="0" mb="0" cb="0"/><line nr="1690" mi="2" ci="0" mb="0" cb="0"/><line nr="1691" mi="0" ci="1" mb="0" cb="0"/><line nr="1692" mi="0" ci="2" mb="0" cb="0"/><line nr="1704" mi="0" ci="3" mb="1" cb="1"/><line nr="1705" mi="5" ci="0" mb="0" cb="0"/><line nr="1707" mi="0" ci="10" mb="2" cb="2"/><line nr="1708" mi="5" ci="0" mb="0" cb="0"/><line nr="1710" mi="0" ci="1" mb="0" cb="0"/><line nr="1723" mi="0" ci="2" mb="0" cb="0"/><line nr="1724" mi="0" ci="6" mb="0" cb="0"/><line nr="1725" mi="0" ci="6" mb="0" cb="0"/><line nr="1726" mi="0" ci="6" mb="0" cb="0"/><line nr="1727" mi="0" ci="6" mb="0" cb="0"/><line nr="1728" mi="0" ci="6" mb="0" cb="0"/><line nr="1729" mi="0" ci="6" mb="0" cb="0"/><line nr="1730" mi="0" ci="6" mb="0" cb="0"/><line nr="1731" mi="0" ci="6" mb="0" cb="0"/><line nr="1732" mi="0" ci="6" mb="0" cb="0"/><line nr="1733" mi="0" ci="6" mb="0" cb="0"/><line nr="1734" mi="0" ci="6" mb="0" cb="0"/><line nr="1735" mi="0" ci="6" mb="0" cb="0"/><line nr="1737" mi="0" ci="6" mb="0" cb="0"/><line nr="1738" mi="0" ci="6" mb="0" cb="0"/><line nr="1739" mi="0" ci="6" mb="0" cb="0"/><line nr="1740" mi="0" ci="6" mb="0" cb="0"/><line nr="1741" mi="0" ci="6" mb="0" cb="0"/><line nr="1742" mi="0" ci="6" mb="0" cb="0"/><line nr="1743" mi="0" ci="6" mb="0" cb="0"/><line nr="1745" mi="0" ci="6" mb="0" cb="0"/><line nr="1746" mi="0" ci="6" mb="0" cb="0"/><line nr="1747" mi="0" ci="6" mb="0" cb="0"/><line nr="1748" mi="0" ci="6" mb="0" cb="0"/><line nr="1749" mi="0" ci="6" mb="0" cb="0"/><line nr="1750" mi="0" ci="6" mb="0" cb="0"/><line nr="1751" mi="0" ci="6" mb="0" cb="0"/><line nr="1752" mi="0" ci="6" mb="0" cb="0"/><line nr="1753" mi="0" ci="6" mb="0" cb="0"/><line nr="1754" mi="0" ci="6" mb="0" cb="0"/><line nr="1755" mi="0" ci="6" mb="0" cb="0"/><line nr="1756" mi="0" ci="6" mb="0" cb="0"/><line nr="1757" mi="0" ci="6" mb="0" cb="0"/><line nr="1758" mi="0" ci="6" mb="0" cb="0"/><line nr="1759" mi="0" ci="6" mb="0" cb="0"/><line nr="1760" mi="0" ci="6" mb="0" cb="0"/><line nr="1761" mi="0" ci="6" mb="0" cb="0"/><line nr="1762" mi="0" ci="6" mb="0" cb="0"/><line nr="1763" mi="0" ci="6" mb="0" cb="0"/><line nr="1764" mi="0" ci="6" mb="0" cb="0"/><line nr="1765" mi="0" ci="6" mb="0" cb="0"/><line nr="1766" mi="0" ci="6" mb="0" cb="0"/><line nr="1767" mi="0" ci="6" mb="0" cb="0"/><line nr="1768" mi="0" ci="6" mb="0" cb="0"/><line nr="1769" mi="0" ci="6" mb="0" cb="0"/><line nr="1770" mi="0" ci="6" mb="0" cb="0"/><line nr="1771" mi="0" ci="6" mb="0" cb="0"/><line nr="1772" mi="0" ci="6" mb="0" cb="0"/><line nr="1773" mi="0" ci="6" mb="0" cb="0"/><line nr="1774" mi="0" ci="6" mb="0" cb="0"/><line nr="1775" mi="0" ci="6" mb="0" cb="0"/><line nr="1776" mi="0" ci="6" mb="0" cb="0"/><line nr="1777" mi="0" ci="6" mb="0" cb="0"/><line nr="1778" mi="0" ci="6" mb="0" cb="0"/><line nr="1779" mi="0" ci="6" mb="0" cb="0"/><line nr="1780" mi="0" ci="6" mb="0" cb="0"/><line nr="1781" mi="0" ci="6" mb="0" cb="0"/><line nr="1782" mi="0" ci="6" mb="0" cb="0"/><line nr="1783" mi="0" ci="6" mb="0" cb="0"/><line nr="1784" mi="0" ci="6" mb="0" cb="0"/><line nr="1785" mi="0" ci="6" mb="0" cb="0"/><line nr="1786" mi="0" ci="1" mb="0" cb="0"/><line nr="1799" mi="0" ci="4" mb="0" cb="0"/><line nr="1800" mi="0" ci="16" mb="0" cb="2"/><line nr="1801" mi="0" ci="11" mb="0" cb="2"/><line nr="1802" mi="1" ci="10" mb="2" cb="2"/><line nr="1803" mi="10" ci="0" mb="4" cb="0"/><line nr="1804" mi="9" ci="0" mb="4" cb="0"/><line nr="1805" mi="0" ci="3" mb="0" cb="2"/><line nr="1806" mi="0" ci="6" mb="0" cb="0"/><line nr="1808" mi="0" ci="7" mb="0" cb="0"/><line nr="1811" mi="0" ci="1" mb="0" cb="0"/><line nr="1813" mi="0" ci="3" mb="0" cb="2"/><line nr="1815" mi="0" ci="3" mb="1" cb="1"/><line nr="1816" mi="0" ci="10" mb="0" cb="0"/><line nr="1818" mi="0" ci="7" mb="0" cb="0"/><line nr="1820" mi="5" ci="0" mb="0" cb="0"/><line nr="1824" mi="0" ci="5" mb="0" cb="0"/><line nr="1826" mi="0" ci="1" mb="0" cb="0"/><line nr="1832" mi="0" ci="3" mb="0" cb="0"/><line nr="1841" mi="0" ci="2" mb="0" cb="0"/><line nr="1842" mi="0" ci="2" mb="0" cb="0"/><line nr="1843" mi="0" ci="4" mb="0" cb="0"/><line nr="1844" mi="0" ci="16" mb="0" cb="2"/><line nr="1845" mi="0" ci="6" mb="0" cb="0"/><line nr="1847" mi="0" ci="2" mb="0" cb="0"/><counter type="INSTRUCTION" missed="536" covered="759"/><counter type="BRANCH" missed="31" covered="35"/><counter type="LINE" missed="199" covered="164"/><counter type="COMPLEXITY" missed="139" covered="36"/><counter type="METHOD" missed="117" covered="25"/><counter type="CLASS" missed="0" covered="2"/></sourcefile><sourcefile name="SuppressionFile.java"><line nr="26" mi="0" ci="3" mb="0" cb="0"/><line nr="39" mi="0" ci="3" mb="0" cb="0"/><line nr="40" mi="0" ci="1" mb="0" cb="0"/><line nr="48" mi="0" ci="3" mb="0" cb="0"/><counter type="INSTRUCTION" missed="0" covered="10"/><counter type="LINE" missed="0" covered="4"/><counter type="COMPLEXITY" missed="0" covered="3"/><counter type="METHOD" missed="0" covered="3"/><counter type="CLASS" missed="0" covered="1"/></sourcefile><sourcefile name="RetirejsFilter.java"><line nr="26" mi="0" ci="3" mb="0" cb="0"/><line nr="39" mi="0" ci="3" mb="0" cb="0"/><line nr="48" mi="0" ci="3" mb="0" cb="0"/><line nr="49" mi="0" ci="1" mb="0" cb="0"/><counter type="INSTRUCTION" missed="0" covered="10"/><counter type="LINE" missed="0" covered="4"/><counter type="COMPLEXITY" missed="0" covered="3"/><counter type="METHOD" missed="0" covered="3"/><counter type="CLASS" missed="0" covered="1"/></sourcefile><counter type="INSTRUCTION" missed="756" covered="935"/><counter type="BRANCH" missed="41" covered="37"/><counter type="LINE" missed="275" covered="208"/><counter type="COMPLEXITY" missed="179" covered="47"/><counter type="METHOD" missed="151" covered="36"/><counter type="CLASS" missed="0" covered="6"/></package><package name="org/owasp/dependencycheck/ant/logging"><class name="org/owasp/dependencycheck/ant/logging/AntLoggerAdapter" sourcefilename="AntLoggerAdapter.java"><method name="&lt;init&gt;" desc="(Lorg/apache/tools/ant/Task;)V" line="49"><counter type="INSTRUCTION" missed="0" covered="6"/><counter type="LINE" missed="0" covered="3"/><counter type="COMPLEXITY" missed="0" covered="1"/><counter type="METHOD" missed="0" covered="1"/></method><method name="setTask" desc="(Lorg/apache/tools/ant/Task;)V" line="59"><counter type="INSTRUCTION" missed="4" covered="0"/><counter type="LINE" missed="2" covered="0"/><counter type="COMPLEXITY" missed="1" covered="0"/><counter type="METHOD" missed="1" covered="0"/></method><method name="isTraceEnabled" desc="()Z" line="66"><counter type="INSTRUCTION" missed="0" covered="2"/><counter type="LINE" missed="0" covered="1"/><counter type="COMPLEXITY" missed="0" covered="1"/><counter type="METHOD" missed="0" covered="1"/></method><method name="trace" desc="(Ljava/lang/String;)V" line="71"><counter type="INSTRUCTION" missed="0" covered="9"/><counter type="BRANCH" missed="1" covered="1"/><counter type="LINE" missed="0" covered="3"/><counter type="COMPLEXITY" missed="1" covered="1"/><counter type="METHOD" missed="0" covered="1"/></method><method name="trace" desc="(Ljava/lang/String;Ljava/lang/Object;)V" line="78"><counter type="INSTRUCTION" missed="0" covered="14"/><counter type="BRANCH" missed="0" covered="2"/><counter type="LINE" missed="0" covered="4"/><counter type="COMPLEXITY" missed="0" covered="2"/><counter type="METHOD" missed="0" covered="1"/></method><method name="trace" desc="(Ljava/lang/String;Ljava/lang/Object;Ljava/lang/Object;)V" line="86"><counter type="INSTRUCTION" missed="15" covered="0"/><counter type="BRANCH" missed="2" covered="0"/><counter type="LINE" missed="4" covered="0"/><counter type="COMPLEXITY" missed="2" covered="0"/><counter type="METHOD" missed="1" covered="0"/></method><method name="trace" desc="(Ljava/lang/String;[Ljava/lang/Object;)V" line="94"><counter type="INSTRUCTION" missed="14" covered="0"/><counter type="BRANCH" missed="2" covered="0"/><counter type="LINE" missed="4" covered="0"/><counter type="COMPLEXITY" missed="2" covered="0"/><counter type="METHOD" missed="1" covered="0"/></method><method name="trace" desc="(Ljava/lang/String;Ljava/lang/Throwable;)V" line="102"><counter type="INSTRUCTION" missed="10" covered="0"/><counter type="BRANCH" missed="2" covered="0"/><counter type="LINE" missed="3" covered="0"/><counter type="COMPLEXITY" missed="2" covered="0"/><counter type="METHOD" missed="1" covered="0"/></method><method name="isDebugEnabled" desc="()Z" line="109"><counter type="INSTRUCTION" missed="0" covered="2"/><counter type="LINE" missed="0" covered="1"/><counter type="COMPLEXITY" missed="0" covered="1"/><counter type="METHOD" missed="0" covered="1"/></method><method name="debug" desc="(Ljava/lang/String;)V" line="114"><counter type="INSTRUCTION" missed="0" covered="9"/><counter type="BRANCH" missed="0" covered="2"/><counter type="LINE" missed="0" covered="3"/><counter type="COMPLEXITY" missed="0" covered="2"/><counter type="METHOD" missed="0" covered="1"/></method><method name="debug" desc="(Ljava/lang/String;Ljava/lang/Object;)V" line="121"><counter type="INSTRUCTION" missed="0" covered="14"/><counter type="BRANCH" missed="0" covered="2"/><counter type="LINE" missed="0" covered="4"/><counter type="COMPLEXITY" missed="0" covered="2"/><counter type="METHOD" missed="0" covered="1"/></method><method name="debug" desc="(Ljava/lang/String;Ljava/lang/Object;Ljava/lang/Object;)V" line="129"><counter type="INSTRUCTION" missed="0" covered="15"/><counter type="BRANCH" missed="0" covered="2"/><counter type="LINE" missed="0" covered="4"/><counter type="COMPLEXITY" missed="0" covered="2"/><counter type="METHOD" missed="0" covered="1"/></method><method name="debug" desc="(Ljava/lang/String;[Ljava/lang/Object;)V" line="137"><counter type="INSTRUCTION" missed="0" covered="14"/><counter type="BRANCH" missed="0" covered="2"/><counter type="LINE" missed="0" covered="4"/><counter type="COMPLEXITY" missed="0" covered="2"/><counter type="METHOD" missed="0" covered="1"/></method><method name="debug" desc="(Ljava/lang/String;Ljava/lang/Throwable;)V" line="145"><counter type="INSTRUCTION" missed="10" covered="0"/><counter type="BRANCH" missed="2" covered="0"/><counter type="LINE" missed="3" covered="0"/><counter type="COMPLEXITY" missed="2" covered="0"/><counter type="METHOD" missed="1" covered="0"/></method><method name="isInfoEnabled" desc="()Z" line="152"><counter type="INSTRUCTION" missed="0" covered="2"/><counter type="LINE" missed="0" covered="1"/><counter type="COMPLEXITY" missed="0" covered="1"/><counter type="METHOD" missed="0" covered="1"/></method><method name="info" desc="(Ljava/lang/String;)V" line="157"><counter type="INSTRUCTION" missed="0" covered="9"/><counter type="BRANCH" missed="1" covered="1"/><counter type="LINE" missed="0" covered="3"/><counter type="COMPLEXITY" missed="1" covered="1"/><counter type="METHOD" missed="0" covered="1"/></method><method name="info" desc="(Ljava/lang/String;Ljava/lang/Object;)V" line="164"><counter type="INSTRUCTION" missed="0" covered="14"/><counter type="BRANCH" missed="1" covered="1"/><counter type="LINE" missed="0" covered="4"/><counter type="COMPLEXITY" missed="1" covered="1"/><counter type="METHOD" missed="0" covered="1"/></method><method name="info" desc="(Ljava/lang/String;Ljava/lang/Object;Ljava/lang/Object;)V" line="172"><counter type="INSTRUCTION" missed="0" covered="15"/><counter type="BRANCH" missed="1" covered="1"/><counter type="LINE" missed="0" covered="4"/><counter type="COMPLEXITY" missed="1" covered="1"/><counter type="METHOD" missed="0" covered="1"/></method><method name="info" desc="(Ljava/lang/String;[Ljava/lang/Object;)V" line="180"><counter type="INSTRUCTION" missed="14" covered="0"/><counter type="BRANCH" missed="2" covered="0"/><counter type="LINE" missed="4" covered="0"/><counter type="COMPLEXITY" missed="2" covered="0"/><counter type="METHOD" missed="1" covered="0"/></method><method name="info" desc="(Ljava/lang/String;Ljava/lang/Throwable;)V" line="188"><counter type="INSTRUCTION" missed="10" covered="0"/><counter type="BRANCH" missed="2" covered="0"/><counter type="LINE" missed="3" covered="0"/><counter type="COMPLEXITY" missed="2" covered="0"/><counter type="METHOD" missed="1" covered="0"/></method><method name="isWarnEnabled" desc="()Z" line="195"><counter type="INSTRUCTION" missed="2" covered="0"/><counter type="LINE" missed="1" covered="0"/><counter type="COMPLEXITY" missed="1" covered="0"/><counter type="METHOD" missed="1" covered="0"/></method><method name="warn" desc="(Ljava/lang/String;)V" line="200"><counter type="INSTRUCTION" missed="9" covered="0"/><counter type="BRANCH" missed="2" covered="0"/><counter type="LINE" missed="3" covered="0"/><counter type="COMPLEXITY" missed="2" covered="0"/><counter type="METHOD" missed="1" covered="0"/></method><method name="warn" desc="(Ljava/lang/String;Ljava/lang/Object;)V" line="207"><counter type="INSTRUCTION" missed="0" covered="14"/><counter type="BRANCH" missed="1" covered="1"/><counter type="LINE" missed="0" covered="4"/><counter type="COMPLEXITY" missed="1" covered="1"/><counter type="METHOD" missed="0" covered="1"/></method><method name="warn" desc="(Ljava/lang/String;[Ljava/lang/Object;)V" line="215"><counter type="INSTRUCTION" missed="14" covered="0"/><counter type="BRANCH" missed="2" covered="0"/><counter type="LINE" missed="4" covered="0"/><counter type="COMPLEXITY" missed="2" covered="0"/><counter type="METHOD" missed="1" covered="0"/></method><method name="warn" desc="(Ljava/lang/String;Ljava/lang/Object;Ljava/lang/Object;)V" line="223"><counter type="INSTRUCTION" missed="15" covered="0"/><counter type="BRANCH" missed="2" covered="0"/><counter type="LINE" missed="4" covered="0"/><counter type="COMPLEXITY" missed="2" covered="0"/><counter type="METHOD" missed="1" covered="0"/></method><method name="warn" desc="(Ljava/lang/String;Ljava/lang/Throwable;)V" line="231"><counter type="INSTRUCTION" missed="10" covered="0"/><counter type="BRANCH" missed="2" covered="0"/><counter type="LINE" missed="3" covered="0"/><counter type="COMPLEXITY" missed="2" covered="0"/><counter type="METHOD" missed="1" covered="0"/></method><method name="isErrorEnabled" desc="()Z" line="238"><counter type="INSTRUCTION" missed="2" covered="0"/><counter type="LINE" missed="1" covered="0"/><counter type="COMPLEXITY" missed="1" covered="0"/><counter type="METHOD" missed="1" covered="0"/></method><method name="error" desc="(Ljava/lang/String;)V" line="243"><counter type="INSTRUCTION" missed="9" covered="0"/><counter type="BRANCH" missed="2" covered="0"/><counter type="LINE" missed="3" covered="0"/><counter type="COMPLEXITY" missed="2" covered="0"/><counter type="METHOD" missed="1" covered="0"/></method><method name="error" desc="(Ljava/lang/String;Ljava/lang/Object;)V" line="250"><counter type="INSTRUCTION" missed="14" covered="0"/><counter type="BRANCH" missed="2" covered="0"/><counter type="LINE" missed="4" covered="0"/><counter type="COMPLEXITY" missed="2" covered="0"/><counter type="METHOD" missed="1" covered="0"/></method><method name="error" desc="(Ljava/lang/String;Ljava/lang/Object;Ljava/lang/Object;)V" line="258"><counter type="INSTRUCTION" missed="15" covered="0"/><counter type="BRANCH" missed="2" covered="0"/><counter type="LINE" missed="4" covered="0"/><counter type="COMPLEXITY" missed="2" covered="0"/><counter type="METHOD" missed="1" covered="0"/></method><method name="error" desc="(Ljava/lang/String;[Ljava/lang/Object;)V" line="266"><counter type="INSTRUCTION" missed="14" covered="0"/><counter type="BRANCH" missed="2" covered="0"/><counter type="LINE" missed="4" covered="0"/><counter type="COMPLEXITY" missed="2" covered="0"/><counter type="METHOD" missed="1" covered="0"/></method><method name="error" desc="(Ljava/lang/String;Ljava/lang/Throwable;)V" line="274"><counter type="INSTRUCTION" missed="10" covered="0"/><counter type="BRANCH" missed="2" covered="0"/><counter type="LINE" missed="3" covered="0"/><counter type="COMPLEXITY" missed="2" covered="0"/><counter type="METHOD" missed="1" covered="0"/></method><counter type="INSTRUCTION" missed="191" covered="139"/><counter type="BRANCH" missed="35" covered="15"/><counter type="LINE" missed="57" covered="43"/><counter type="COMPLEXITY" missed="38" covered="19"/><counter type="METHOD" missed="18" covered="14"/><counter type="CLASS" missed="0" covered="1"/></class><class name="org/owasp/dependencycheck/ant/logging/AntLoggerFactory" sourcefilename="AntLoggerFactory.java"><method name="&lt;init&gt;" desc="(Lorg/apache/tools/ant/Task;)V" line="42"><counter type="INSTRUCTION" missed="0" covered="9"/><counter type="LINE" missed="0" covered="3"/><counter type="COMPLEXITY" missed="0" covered="1"/><counter type="METHOD" missed="0" covered="1"/></method><method name="getLogger" desc="(Ljava/lang/String;)Lorg/slf4j/Logger;" line="54"><counter type="INSTRUCTION" missed="0" covered="3"/><counter type="LINE" missed="0" covered="1"/><counter type="COMPLEXITY" missed="0" covered="1"/><counter type="METHOD" missed="0" covered="1"/></method><counter type="INSTRUCTION" missed="0" covered="12"/><counter type="LINE" missed="0" covered="4"/><counter type="COMPLEXITY" missed="0" covered="2"/><counter type="METHOD" missed="0" covered="2"/><counter type="CLASS" missed="0" covered="1"/></class><sourcefile name="AntLoggerFactory.java"><line nr="42" mi="0" ci="2" mb="0" cb="0"/><line nr="43" mi="0" ci="6" mb="0" cb="0"/><line nr="44" mi="0" ci="1" mb="0" cb="0"/><line nr="54" mi="0" ci="3" mb="0" cb="0"/><counter type="INSTRUCTION" missed="0" covered="12"/><counter type="LINE" missed="0" covered="4"/><counter type="COMPLEXITY" missed="0" covered="2"/><counter type="METHOD" missed="0" covered="2"/><counter type="CLASS" missed="0" covered="1"/></sourcefile><sourcefile name="AntLoggerAdapter.java"><line nr="49" mi="0" ci="2" mb="0" cb="0"/><line nr="50" mi="0" ci="3" mb="0" cb="0"/><line nr="51" mi="0" ci="1" mb="0" cb="0"/><line nr="59" mi="3" ci="0" mb="0" cb="0"/><line nr="60" mi="1" ci="0" mb="0" cb="0"/><line nr="66" mi="0" ci="2" mb="0" cb="0"/><line nr="71" mi="0" ci="3" mb="1" cb="1"/><line nr="72" mi="0" ci="5" mb="0" cb="0"/><line nr="74" mi="0" ci="1" mb="0" cb="0"/><line nr="78" mi="0" ci="3" mb="0" cb="2"/><line nr="79" mi="0" ci="4" mb="0" cb="0"/><line nr="80" mi="0" ci="6" mb="0" cb="0"/><line nr="82" mi="0" ci="1" mb="0" cb="0"/><line nr="86" mi="3" ci="0" mb="2" cb="0"/><line nr="87" mi="5" ci="0" mb="0" cb="0"/><line nr="88" mi="6" ci="0" mb="0" cb="0"/><line nr="90" mi="1" ci="0" mb="0" cb="0"/><line nr="94" mi="3" ci="0" mb="2" cb="0"/><line nr="95" mi="4" ci="0" mb="0" cb="0"/><line nr="96" mi="6" ci="0" mb="0" cb="0"/><line nr="98" mi="1" ci="0" mb="0" cb="0"/><line nr="102" mi="3" ci="0" mb="2" cb="0"/><line nr="103" mi="6" ci="0" mb="0" cb="0"/><line nr="105" mi="1" ci="0" mb="0" cb="0"/><line nr="109" mi="0" ci="2" mb="0" cb="0"/><line nr="114" mi="0" ci="3" mb="0" cb="2"/><line nr="115" mi="0" ci="5" mb="0" cb="0"/><line nr="117" mi="0" ci="1" mb="0" cb="0"/><line nr="121" mi="0" ci="3" mb="0" cb="2"/><line nr="122" mi="0" ci="4" mb="0" cb="0"/><line nr="123" mi="0" ci="6" mb="0" cb="0"/><line nr="125" mi="0" ci="1" mb="0" cb="0"/><line nr="129" mi="0" ci="3" mb="0" cb="2"/><line nr="130" mi="0" ci="5" mb="0" cb="0"/><line nr="131" mi="0" ci="6" mb="0" cb="0"/><line nr="133" mi="0" ci="1" mb="0" cb="0"/><line nr="137" mi="0" ci="3" mb="0" cb="2"/><line nr="138" mi="0" ci="4" mb="0" cb="0"/><line nr="139" mi="0" ci="6" mb="0" cb="0"/><line nr="141" mi="0" ci="1" mb="0" cb="0"/><line nr="145" mi="3" ci="0" mb="2" cb="0"/><line nr="146" mi="6" ci="0" mb="0" cb="0"/><line nr="148" mi="1" ci="0" mb="0" cb="0"/><line nr="152" mi="0" ci="2" mb="0" cb="0"/><line nr="157" mi="0" ci="3" mb="1" cb="1"/><line nr="158" mi="0" ci="5" mb="0" cb="0"/><line nr="160" mi="0" ci="1" mb="0" cb="0"/><line nr="164" mi="0" ci="3" mb="1" cb="1"/><line nr="165" mi="0" ci="4" mb="0" cb="0"/><line nr="166" mi="0" ci="6" mb="0" cb="0"/><line nr="168" mi="0" ci="1" mb="0" cb="0"/><line nr="172" mi="0" ci="3" mb="1" cb="1"/><line nr="173" mi="0" ci="5" mb="0" cb="0"/><line nr="174" mi="0" ci="6" mb="0" cb="0"/><line nr="176" mi="0" ci="1" mb="0" cb="0"/><line nr="180" mi="3" ci="0" mb="2" cb="0"/><line nr="181" mi="4" ci="0" mb="0" cb="0"/><line nr="182" mi="6" ci="0" mb="0" cb="0"/><line nr="184" mi="1" ci="0" mb="0" cb="0"/><line nr="188" mi="3" ci="0" mb="2" cb="0"/><line nr="189" mi="6" ci="0" mb="0" cb="0"/><line nr="191" mi="1" ci="0" mb="0" cb="0"/><line nr="195" mi="2" ci="0" mb="0" cb="0"/><line nr="200" mi="3" ci="0" mb="2" cb="0"/><line nr="201" mi="5" ci="0" mb="0" cb="0"/><line nr="203" mi="1" ci="0" mb="0" cb="0"/><line nr="207" mi="0" ci="3" mb="1" cb="1"/><line nr="208" mi="0" ci="4" mb="0" cb="0"/><line nr="209" mi="0" ci="6" mb="0" cb="0"/><line nr="211" mi="0" ci="1" mb="0" cb="0"/><line nr="215" mi="3" ci="0" mb="2" cb="0"/><line nr="216" mi="4" ci="0" mb="0" cb="0"/><line nr="217" mi="6" ci="0" mb="0" cb="0"/><line nr="219" mi="1" ci="0" mb="0" cb="0"/><line nr="223" mi="3" ci="0" mb="2" cb="0"/><line nr="224" mi="5" ci="0" mb="0" cb="0"/><line nr="225" mi="6" ci="0" mb="0" cb="0"/><line nr="227" mi="1" ci="0" mb="0" cb="0"/><line nr="231" mi="3" ci="0" mb="2" cb="0"/><line nr="232" mi="6" ci="0" mb="0" cb="0"/><line nr="234" mi="1" ci="0" mb="0" cb="0"/><line nr="238" mi="2" ci="0" mb="0" cb="0"/><line nr="243" mi="3" ci="0" mb="2" cb="0"/><line nr="244" mi="5" ci="0" mb="0" cb="0"/><line nr="246" mi="1" ci="0" mb="0" cb="0"/><line nr="250" mi="3" ci="0" mb="2" cb="0"/><line nr="251" mi="4" ci="0" mb="0" cb="0"/><line nr="252" mi="6" ci="0" mb="0" cb="0"/><line nr="254" mi="1" ci="0" mb="0" cb="0"/><line nr="258" mi="3" ci="0" mb="2" cb="0"/><line nr="259" mi="5" ci="0" mb="0" cb="0"/><line nr="260" mi="6" ci="0" mb="0" cb="0"/><line nr="262" mi="1" ci="0" mb="0" cb="0"/><line nr="266" mi="3" ci="0" mb="2" cb="0"/><line nr="267" mi="4" ci="0" mb="0" cb="0"/><line nr="268" mi="6" ci="0" mb="0" cb="0"/><line nr="270" mi="1" ci="0" mb="0" cb="0"/><line nr="274" mi="3" ci="0" mb="2" cb="0"/><line nr="275" mi="6" ci="0" mb="0" cb="0"/><line nr="277" mi="1" ci="0" mb="0" cb="0"/><counter type="INSTRUCTION" missed="191" covered="139"/><counter type="BRANCH" missed="35" covered="15"/><counter type="LINE" missed="57" covered="43"/><counter type="COMPLEXITY" missed="38" covered="19"/><counter type="METHOD" missed="18" covered="14"/><counter type="CLASS" missed="0" covered="1"/></sourcefile><counter type="INSTRUCTION" missed="191" covered="151"/><counter type="BRANCH" missed="35" covered="15"/><counter type="LINE" missed="57" covered="47"/><counter type="COMPLEXITY" missed="38" covered="21"/><counter type="METHOD" missed="18" covered="16"/><counter type="CLASS" missed="0" covered="2"/></package><package name="org/slf4j/impl"><class name="org/slf4j/impl/StaticLoggerBinder" sourcefilename="StaticLoggerBinder.java"><method name="getSingleton" desc="()Lorg/slf4j/impl/StaticLoggerBinder;" line="76"><counter type="INSTRUCTION" missed="0" covered="2"/><counter type="LINE" missed="0" covered="1"/><counter type="COMPLEXITY" missed="0" covered="1"/><counter type="METHOD" missed="0" covered="1"/></method><method name="setTask" desc="(Lorg/apache/tools/ant/Task;)V" line="85"><counter type="INSTRUCTION" missed="0" covered="10"/><counter type="LINE" missed="0" covered="3"/><counter type="COMPLEXITY" missed="0" covered="1"/><counter type="METHOD" missed="0" covered="1"/></method><method name="&lt;init&gt;" desc="()V" line="45"><counter type="INSTRUCTION" missed="0" covered="13"/><counter type="LINE" missed="0" covered="4"/><counter type="COMPLEXITY" missed="0" covered="1"/><counter type="METHOD" missed="0" covered="1"/></method><method name="getLoggerFactory" desc="()Lorg/slf4j/ILoggerFactory;" line="103"><counter type="INSTRUCTION" missed="0" covered="3"/><counter type="LINE" missed="0" covered="1"/><counter type="COMPLEXITY" missed="0" covered="1"/><counter type="METHOD" missed="0" covered="1"/></method><method name="getLoggerFactoryClassStr" desc="()Ljava/lang/String;" line="113"><counter type="INSTRUCTION" missed="2" covered="0"/><counter type="LINE" missed="1" covered="0"/><counter type="COMPLEXITY" missed="1" covered="0"/><counter type="METHOD" missed="1" covered="0"/></method><method name="&lt;clinit&gt;" desc="()V" line="40"><counter type="INSTRUCTION" missed="0" covered="10"/><counter type="LINE" missed="0" covered="3"/><counter type="COMPLEXITY" missed="0" covered="1"/><counter type="METHOD" missed="0" covered="1"/></method><counter type="INSTRUCTION" missed="2" covered="38"/><counter type="LINE" missed="1" covered="12"/><counter type="COMPLEXITY" missed="1" covered="5"/><counter type="METHOD" missed="1" covered="5"/><counter type="CLASS" missed="0" covered="1"/></class><sourcefile name="StaticLoggerBinder.java"><line nr="40" mi="0" ci="4" mb="0" cb="0"/><line nr="45" mi="0" ci="3" mb="0" cb="0"/><line nr="55" mi="0" ci="2" mb="0" cb="0"/><line nr="62" mi="0" ci="4" mb="0" cb="0"/><line nr="76" mi="0" ci="2" mb="0" cb="0"/><line nr="85" mi="0" ci="3" mb="0" cb="0"/><line nr="86" mi="0" ci="6" mb="0" cb="0"/><line nr="87" mi="0" ci="1" mb="0" cb="0"/><line nr="92" mi="0" ci="2" mb="0" cb="0"/><line nr="93" mi="0" ci="7" mb="0" cb="0"/><line nr="94" mi="0" ci="1" mb="0" cb="0"/><line nr="103" mi="0" ci="3" mb="0" cb="0"/><line nr="113" mi="2" ci="0" mb="0" cb="0"/><counter type="INSTRUCTION" missed="2" covered="38"/><counter type="LINE" missed="1" covered="12"/><counter type="COMPLEXITY" missed="1" covered="5"/><counter type="METHOD" missed="1" covered="5"/><counter type="CLASS" missed="0" covered="1"/></sourcefile><counter type="INSTRUCTION" missed="2" covered="38"/><counter type="LINE" missed="1" covered="12"/><counter type="COMPLEXITY" missed="1" covered="5"/><counter type="METHOD" missed="1" covered="5"/><counter type="CLASS" missed="0" covered="1"/></package><counter type="INSTRUCTION" missed="949" covered="1124"/><counter type="BRANCH" missed="76" covered="52"/><counter type="LINE" missed="333" covered="267"/><counter type="COMPLEXITY" missed="218" covered="73"/><counter type="METHOD" missed="170" covered="57"/><counter type="CLASS" missed="0" covered="9"/></report>